POST /api/register 404 152 - 2.711 ms {} 
POST /api/register 404 152 - 0.467 ms {} 
POST /api/register 404 152 - 1.934 ms {} 
GET /api/register?email=970207605@qq.com&password=123456&nick_name=%E5%BC%A0 404 151 - 0.600 ms {"email":"970207605@qq.com","password":"123456","nick_name":"张"} 
GET / 404 139 - 0.203 ms {} 
GET / 404 139 - 0.295 ms {} 
GET / 404 139 - 0.164 ms {} 
POST /api/register 404 152 - 0.179 ms {} 
POST /api/register 500 29 - 3.360 ms {} 
POST /api/register   -  ms {} {"email":"970207605@qq.com","password":"123456","nick_name":"离散"}
POST /api/register 500 29 - 25.553 ms {} {"email":"970207605@qq.com","password":"123456","nick_name":"离散"}
POST /api/register 500 29 - 21.822 ms {} {"email":"970207605@qq.com","password":"123456","nick_name":"离散"}
POST /api/register   -  ms {} {"email":"970207605@qq.com","password":"123456","nick_name":"离散"}
POST /api/register   -  ms {} {"email":"970207605@qq.com","password":"123456","nick_name":"离散1"}
POST /api/register   -  ms {} {"email":"970207605@qq.com","password":"1234561","nick_name":"离散1"}
POST /api/register   -  ms {} {"email":"970207605@qq.com","password":"1234561","nick_name":"离散1"}
POST /api/register   -  ms {} {"email":"970207605@qq.com","password":"1234561","nick_name":"离散1"}
POST /api/register 500 29 - 21.266 ms {} {"email":"970207605@qq.com","password":"1234561","nick_name":"离散1"}
POST /api/register 500 29 - 1.952 ms {} {"email":"970207605@qq.com","password":"123456","nick_name":"离散"}
POST /api/register 500 29 - 3.022 ms {} {"email":"970207605@qq.com","password":"123456","nick_name":"离散"}
POST /api/register 500 29 - 3.404 ms {} {"email":"970207605@qq.com","password":"123456","nick_name":"离散1"}
POST /api/register   -  ms {} {"email":"970207605@qq.com","password":"123456","nick_name":"离散1"}
POST /api/register   -  ms {} {"email":"970207605@qq.com","password":"123456","nick_name":"离散"}
POST /api/register   -  ms {} {"email":"970207605@qq.com","password":"123456","nick_name":"离散1"}
POST /api/register   -  ms {} {"email":"970207605@qq.com","password":"123456","nick_name":"离散1"}
POST /api/register   -  ms {} {"email":"970207605@qq.com","password":"123456","nick_name":"离散"}
POST /api/register   -  ms {} {"email":"970207605@qq.com","password":"123456","nick_name":"离散"}
POST /api/register   -  ms {} {"email":"970207605@qq.com","password":"123456","nick_name":"离散"}
POST /api/register   -  ms {} {"email":"970207605@qq.com","password":"123456","nick_name":"离散1"}
POST /api/register 500 29 - 22.266 ms {} {"email":"970207605@qq.com","password":"123456","nick_name":"离散1"}
POST /api/register   -  ms {} {"email":"970207605@qq.com","password":"123456","nick_name":"离散1"}
POST /api/register   -  ms {} {"email":"970207605@qq.com","password":"123456","nick_name":"离散"}
POST /api/register   -  ms {} {"email":"970207605@qq.com","password":"123456","nick_name":"离散2"}
POST /api/register 500 29 - 23.048 ms {} {"email":"970207605@qq.com","password":"123456","nick_name":"离散"}
POST /api/register 400 29 - 23.229 ms {} {"email":"970207605@qq.com","password":"123456","nick_name":"离散"}
POST /api/register 400 29 - 3.521 ms {} {"email":"970207605@qq.com","password":"123456","nick_name":"离散"}
POST /api/register 500 29 - 24.133 ms {} {"email":"970207605@qq.com","password":"123456","nick_name":"离散"}
POST /api/register 500 29 - 2.527 ms {} {"email":"970207605@qq.com","password":"123456","nick_name":"离散"}
POST /api/register 500 29 - 3.831 ms {} {"email":"970207605@qq.com","password":"123456","nick_name":"离散"}
POST /api/register 400 29 - 30.492 ms {} {"email":"970207605@qq.com","password":"123456","nick_name":"离散"}
POST /api/register 400 29 - 23.212 ms {} {"email":"970207605@qq.com","password":"123456","nick_name":"离散"}
POST /api/register 400 29 - 5.519 ms {} {"email":"970207605@qq.com","password":"123456","nick_name":"离散"}
POST /api/register 400 51 - 26.782 ms {} {"email":"970207605@qq.com","password":"123456","nick_name":"离散"}
POST /api/register 400 48 - 26.163 ms {} {"email":"970207605@qq.com","password":"123456","nick_name":"离散"}
POST /api/register 400 48 - 24.741 ms {} {"email":"970207605@qq.com","password":"123456","nick_name":"离散"}
POST /api/register 400 48 - 24.776 ms {} {"email":"970207605@qq.com","password":"123456","nick_name":"离散"}
POST /api/register 400 48 - 24.099 ms {} {"email":"970207605@qq.com","password":"123456","nick_name":"离散"}
POST /api/register 400 48 - 21.928 ms {} {"email":"970207605@qq.com","password":"123456","nick_name":"离散"}
POST /api/register 400 48 - 22.379 ms {} {"email":"970207605@qq.com","password":"123456","nick_name":"离散"}
POST /api/register 400 48 - 20.176 ms {} {"email":"970207605@qq.com","password":"123456","nick_name":"离散"}
POST /api/register 400 48 - 18.141 ms {} {"email":"970207605@qq.com","password":"123456","nick_name":"离散"}
POST /api/register 500 48 - 22.683 ms {} {"email":"970207605@qq.com","password":"123456","nick_name":"离散1"}
POST /api/register 500 48 - 17.878 ms {} {"email":"970207605@qq.com","password":"123456","nick_name":"离散1"}
POST /api/register 400 48 - 17.174 ms {} {"email":"970207605@qq.com","password":"123456","nick_name":"离散1"}
POST /api/register 400 48 - 20.397 ms {} {"email":"970207605@qq.com","password":"123456","nick_name":"离散"}
POST /api/register 400 48 - 27.525 ms {} {"email":"970207605@qq.com","password":"123456","nick_name":"离散"}
POST /api/register 400 48 - 23.779 ms {} {"email":"970207605@qq.com","password":"123456","nick_name":"离散"}
POST /api/register 400 48 - 4.199 ms {} {"email":"970207606@qq.com","password":"123456","nick_name":"离散"}
POST /api/register 400 48 - 22.789 ms {} {"email":"970207606@qq.com","password":"123456","nick_name":"离散"}
POST /api/register 400 48 - 24.166 ms {} {"email":"970207606@qq.com","password":"123456","nick_name":"离散"}
POST /api/register 400 48 - 21.874 ms {} {"email":"970207606@qq.com","password":"123456","nick_name":"离散"}
POST /api/register 400 48 - 29.958 ms {} {"email":"970207606@qq.com","password":"123456","nick_name":"离散"}
POST /api/register 400 48 - 3.536 ms {} {"email":"970207606@qq.com","password":"123456","nick_name":"离散"}
POST /api/register 400 48 - 44.437 ms {} {"email":"970207606@qq.com","password":"123456","nick_name":"离散"}
POST /api/register 500 48 - 144.836 ms {} {"email":"970207606@qq.com","password":"123456","nick_name":"离散2"}
POST /api/register 400 48 - 3.002 ms {} {"email":"970207606@qq.com","password":"123456","nick_name":"离散2"}
POST /api/register 500 48 - 113.199 ms {} {"email":"970207606@qq.com","password":"123456","nick_name":"离散3"}
POST /api/register 200 50 - 132.077 ms {} {"email":"970207606@qq.com","password":"123456","nick_name":"离散4"}
POST /api/login 400 54 - 1.684 ms {} {"nick_name":"离散1","password":"123456"}
POST /api/login 500 48 - 2.714 ms {} {"nick_name":"离散1","password":"123456"}
POST /api/login 500 48 - 2.370 ms {} {"nick_name":"离散1","password":"123456"}
POST /api/login 500 48 - 2.057 ms {} {"nick_name":"离散1","password":"123456"}
POST /api/login 500 48 - 4.571 ms {} {"nick_name":"离散1","password":"123456"}
POST /api/login 400 54 - 4.141 ms {} {"nick_name":"离散1","password":"123456"}
POST /api/login 401 57 - 104.173 ms {} {"nick_name":"离散1","password":"123456"}
POST /api/login 500 48 - 6.704 ms {} {"nick_name":"离散1","password":"123456"}
POST /api/login 200 50 - 22.257 ms {} {"nick_name":"离散1","password":"123456"}
POST /api/login 200 50 - 21.088 ms {} {"nick_name":"离散1","password":"123456"}
POST /api/login 200 50 - 108.439 ms {} {"nick_name":"离散1","password":"123456"}
POST /api/login 200 50 - 97.896 ms {} {"nick_name":"离散1","password":"123456"}
POST /api/login 401 57 - 72.119 ms {} {"nick_name":"离散1","password":"1234561"}
POST /api/login 200 50 - 64.190 ms {} {"nick_name":"离散1","password":"123456"}
POST /api/login 500 48 - 22.313 ms {} {"nick_name":"离散1","password":"123456"}
