POST /api/login 401 48 - 2.382 ms {} {"nick_name":"离散1","password":"123456"}
POST /api/login 200 50 - 350.571 ms {} {"nick_name":"离散1","password":"123456"}
POST /api/login 200 51 - 1.462 ms {} {"nick_name":"离散1","password":"123456"}
POST /checkLoginUser?min=pc 404 154 - 1.260 ms {"min":"pc"} {}
GET /apitest/get_userAccess?min=pc& 404 161 - 0.497 ms {"min":"pc"} {}
POST /checkLoginUser?min=pc 404 154 - 0.185 ms {"min":"pc"} {}
GET /apitest/get_userAccess?min=pc& 404 161 - 0.294 ms {"min":"pc"} {}
POST /checkLoginUser?min=pc 404 154 - 0.180 ms {"min":"pc"} {}
GET /apitest/get_userAccess?min=pc& 404 161 - 1.176 ms {"min":"pc"} {}
POST /checkLoginUser?min=pc 404 154 - 0.177 ms {"min":"pc"} {}
GET /apitest/get_userAccess?min=pc& 404 161 - 1.244 ms {"min":"pc"} {}
POST /checkLoginUser?min=pc 404 154 - 0.122 ms {"min":"pc"} {}
GET /apitest/get_userAccess?min=pc& 404 161 - 0.256 ms {"min":"pc"} {}
POST /checkLoginUser?min=pc 404 154 - 0.118 ms {"min":"pc"} {}
GET /apitest/get_userAccess?min=pc& 404 161 - 0.186 ms {"min":"pc"} {}
POST /checkLoginUser?min=pc 404 154 - 0.190 ms {"min":"pc"} {}
GET /apitest/get_userAccess?min=pc& 404 161 - 0.301 ms {"min":"pc"} {}
POST /checkLoginUser?min=pc 404 154 - 0.283 ms {"min":"pc"} {}
GET /apitest/get_userAccess?min=pc& 404 161 - 0.282 ms {"min":"pc"} {}
POST /checkLoginUser?min=pc 404 154 - 0.349 ms {"min":"pc"} {}
GET /apitest/get_userAccess?min=pc& 404 161 - 0.229 ms {"min":"pc"} {}
POST /checkLoginUser?min=pc 404 154 - 0.070 ms {"min":"pc"} {}
GET /apitest/get_userAccess?min=pc& 404 161 - 0.116 ms {"min":"pc"} {}
POST /checkLoginUser?min=pc 404 154 - 0.101 ms {"min":"pc"} {}
GET /apitest/get_userAccess?min=pc& 404 161 - 0.171 ms {"min":"pc"} {}
POST /checkLoginUser?min=pc 404 154 - 0.118 ms {"min":"pc"} {}
GET /apitest/get_userAccess?min=pc& 404 161 - 0.238 ms {"min":"pc"} {}
POST /checkLoginUser?min=pc 404 154 - 0.078 ms {"min":"pc"} {}
GET /apitest/get_userAccess?min=pc& 404 161 - 0.142 ms {"min":"pc"} {}
POST /checkLoginUser?min=pc 404 154 - 0.100 ms {"min":"pc"} {}
GET /apitest/get_userAccess?min=pc& 404 161 - 0.184 ms {"min":"pc"} {}
POST /checkLoginUser?min=pc 404 154 - 0.072 ms {"min":"pc"} {}
GET /apitest/get_userAccess?min=pc& 404 161 - 0.141 ms {"min":"pc"} {}
POST /checkLoginUser?min=pc 404 154 - 0.070 ms {"min":"pc"} {}
GET /apitest/get_userAccess?min=pc& 404 161 - 0.158 ms {"min":"pc"} {}
POST /checkLoginUser?min=pc 404 154 - 0.074 ms {"min":"pc"} {}
GET /apitest/get_userAccess?min=pc& 404 161 - 0.205 ms {"min":"pc"} {}
POST /checkLoginUser?min=pc 404 154 - 0.088 ms {"min":"pc"} {}
GET /apitest/get_userAccess?min=pc& 404 161 - 0.191 ms {"min":"pc"} {}
POST /checkLoginUser?min=pc 404 154 - 0.089 ms {"min":"pc"} {}
GET /apitest/get_userAccess?min=pc& 404 161 - 0.129 ms {"min":"pc"} {}
POST /checkLoginUser?min=pc 404 154 - 0.152 ms {"min":"pc"} {}
GET /apitest/get_userAccess?min=pc& 404 161 - 0.376 ms {"min":"pc"} {}
POST /checkLoginUser?min=pc 404 154 - 0.200 ms {"min":"pc"} {}
GET /apitest/get_userAccess?min=pc& 404 161 - 0.351 ms {"min":"pc"} {}
POST /checkLoginUser?min=pc 404 154 - 0.222 ms {"min":"pc"} {}
GET /apitest/get_userAccess?min=pc& 404 161 - 0.295 ms {"min":"pc"} {}
POST /checkLoginUser?min=pc 404 154 - 0.064 ms {"min":"pc"} {}
GET /apitest/get_userAccess?min=pc& 404 161 - 0.104 ms {"min":"pc"} {}
POST /checkLoginUser?min=pc 404 154 - 0.072 ms {"min":"pc"} {}
GET /apitest/get_userAccess?min=pc& 404 161 - 0.114 ms {"min":"pc"} {}
POST /checkLoginUser?min=pc 404 154 - 0.123 ms {"min":"pc"} {}
GET /apitest/get_userAccess?min=pc& 404 161 - 0.127 ms {"min":"pc"} {}
POST /checkLoginUser?min=pc 404 154 - 0.181 ms {"min":"pc"} {}
GET /apitest/get_userAccess?min=pc& 404 161 - 0.223 ms {"min":"pc"} {}
POST /checkLoginUser?min=pc 404 154 - 0.059 ms {"min":"pc"} {}
GET /apitest/get_userAccess?min=pc& 404 161 - 0.097 ms {"min":"pc"} {}
POST /checkLoginUser?min=pc 404 154 - 0.075 ms {"min":"pc"} {}
GET /apitest/get_userAccess?min=pc& 404 161 - 0.113 ms {"min":"pc"} {}
POST /checkLoginUser?min=pc 404 154 - 0.111 ms {"min":"pc"} {}
GET /apitest/get_userAccess?min=pc& 404 161 - 0.437 ms {"min":"pc"} {}
POST /checkLoginUser?min=pc 404 154 - 0.145 ms {"min":"pc"} {}
GET /apitest/get_userAccess?min=pc& 404 161 - 0.175 ms {"min":"pc"} {}
POST /checkLoginUser?min=pc 404 154 - 0.081 ms {"min":"pc"} {}
GET /apitest/get_userAccess?min=pc& 404 161 - 0.318 ms {"min":"pc"} {}
POST /checkLoginUser?min=pc 404 154 - 0.061 ms {"min":"pc"} {}
GET /apitest/get_userAccess?min=pc& 404 161 - 0.118 ms {"min":"pc"} {}
GET /rollapi/roll_setting?min=pc& 404 159 - 0.200 ms {"min":"pc"} {}
GET /apitest/firstHome?min=pc& 404 156 - 0.168 ms {"min":"pc"} {}
POST /checkLoginUser?min=pc 404 154 - 0.106 ms {"min":"pc"} {}
GET /apitest/get_userAccess?min=pc& 404 161 - 0.161 ms {"min":"pc"} {}
POST /checkLoginUser?min=pc 404 154 - 0.409 ms {"min":"pc"} {}
GET /apitest/get_userAccess?min=pc& 404 161 - 0.372 ms {"min":"pc"} {}
POST /checkLoginUser?min=pc 404 154 - 0.073 ms {"min":"pc"} {}
GET /apitest/get_userAccess?min=pc& 404 161 - 0.109 ms {"min":"pc"} {}
POST /checkLoginUser?min=pc 404 154 - 0.107 ms {"min":"pc"} {}
GET /apitest/get_userAccess?min=pc& 404 161 - 0.196 ms {"min":"pc"} {}
POST /checkLoginUser?min=pc 404 154 - 0.101 ms {"min":"pc"} {}
GET /apitest/get_userAccess?min=pc& 404 161 - 0.179 ms {"min":"pc"} {}
POST /checkLoginUser?min=pc 404 154 - 0.066 ms {"min":"pc"} {}
GET /apitest/get_userAccess?min=pc& 404 161 - 0.101 ms {"min":"pc"} {}
POST /checkLoginUser?min=pc 404 154 - 0.157 ms {"min":"pc"} {}
GET /apitest/get_userAccess?min=pc& 404 161 - 0.380 ms {"min":"pc"} {}
POST /checkLoginUser?min=pc 404 154 - 0.135 ms {"min":"pc"} {}
GET /apitest/get_userAccess?min=pc& 404 161 - 0.493 ms {"min":"pc"} {}
POST /checkLoginUser?min=pc 404 154 - 0.104 ms {"min":"pc"} {}
GET /apitest/get_userAccess?min=pc& 404 161 - 0.156 ms {"min":"pc"} {}
POST /checkLoginUser?min=pc 404 154 - 0.192 ms {"min":"pc"} {}
GET /apitest/get_userAccess?min=pc& 404 161 - 0.201 ms {"min":"pc"} {}
POST /checkLoginUser?min=pc 404 154 - 0.258 ms {"min":"pc"} {}
GET /apitest/get_userAccess?min=pc& 404 161 - 0.339 ms {"min":"pc"} {}
POST /checkLoginUser?min=pc 404 154 - 0.066 ms {"min":"pc"} {}
GET /apitest/get_userAccess?min=pc& 404 161 - 0.104 ms {"min":"pc"} {}
POST /checkLoginUser?min=pc 404 154 - 0.100 ms {"min":"pc"} {}
GET /apitest/get_userAccess?min=pc& 404 161 - 0.124 ms {"min":"pc"} {}
POST /checkLoginUser?min=pc 404 154 - 0.354 ms {"min":"pc"} {}
GET /apitest/get_userAccess?min=pc& 404 161 - 0.834 ms {"min":"pc"} {}
POST /checkLoginUser?min=pc 404 154 - 0.134 ms {"min":"pc"} {}
GET /apitest/get_userAccess?min=pc& 404 161 - 0.165 ms {"min":"pc"} {}
POST /checkLoginUser?min=pc 404 154 - 0.077 ms {"min":"pc"} {}
GET /apitest/get_userAccess?min=pc& 404 161 - 0.104 ms {"min":"pc"} {}
POST /checkLoginUser?min=pc 404 154 - 0.054 ms {"min":"pc"} {}
GET /apitest/get_userAccess?min=pc& 404 161 - 0.129 ms {"min":"pc"} {}
GET /rollapi/roll_setting?min=pc& 404 159 - 0.152 ms {"min":"pc"} {}
GET /apitest/firstHome?min=pc& 404 156 - 0.331 ms {"min":"pc"} {}
POST /checkLoginUser?min=pc 404 154 - 0.057 ms {"min":"pc"} {}
GET /apitest/get_userAccess?min=pc& 404 161 - 0.089 ms {"min":"pc"} {}
GET /rollapi/roll_setting?min=pc& 404 159 - 0.237 ms {"min":"pc"} {}
GET /apitest/firstHome?min=pc& 404 156 - 0.110 ms {"min":"pc"} {}
POST /checkLoginUser?min=pc 404 154 - 0.127 ms {"min":"pc"} {}
GET /apitest/get_userAccess?min=pc& 404 161 - 0.100 ms {"min":"pc"} {}
POST /checkLoginUser?min=pc 404 154 - 0.096 ms {"min":"pc"} {}
GET /apitest/get_userAccess?min=pc& 404 161 - 0.183 ms {"min":"pc"} {}
POST /checkLoginUser?min=pc 404 154 - 0.102 ms {"min":"pc"} {}
GET /apitest/get_userAccess?min=pc& 404 161 - 0.101 ms {"min":"pc"} {}
POST /checkLoginUser?min=pc 404 154 - 0.062 ms {"min":"pc"} {}
GET /apitest/get_userAccess?min=pc& 404 161 - 0.147 ms {"min":"pc"} {}
POST /checkLoginUser?min=pc 404 154 - 0.213 ms {"min":"pc"} {}
GET /apitest/get_userAccess?min=pc& 404 161 - 0.205 ms {"min":"pc"} {}
POST /checkLoginUser?min=pc 404 154 - 0.122 ms {"min":"pc"} {}
GET /apitest/get_userAccess?min=pc& 404 161 - 0.233 ms {"min":"pc"} {}
POST /checkLoginUser?min=pc 404 154 - 0.068 ms {"min":"pc"} {}
GET /apitest/get_userAccess?min=pc& 404 161 - 0.154 ms {"min":"pc"} {}
POST /checkLoginUser?min=pc 404 154 - 0.139 ms {"min":"pc"} {}
GET /apitest/get_userAccess?min=pc& 404 161 - 0.151 ms {"min":"pc"} {}
POST /checkLoginUser?min=pc 404 154 - 0.070 ms {"min":"pc"} {}
GET /apitest/get_userAccess?min=pc& 404 161 - 0.347 ms {"min":"pc"} {}
POST /checkLoginUser?min=pc 404 154 - 0.096 ms {"min":"pc"} {}
GET /apitest/get_userAccess?min=pc& 404 161 - 0.189 ms {"min":"pc"} {}
POST /checkLoginUser?min=pc 404 154 - 0.078 ms {"min":"pc"} {}
GET /apitest/get_userAccess?min=pc& 404 161 - 0.113 ms {"min":"pc"} {}
POST /checkLoginUser?min=pc 404 154 - 0.067 ms {"min":"pc"} {}
GET /apitest/get_userAccess?min=pc& 404 161 - 0.142 ms {"min":"pc"} {}
POST /checkLoginUser?min=pc 404 154 - 0.114 ms {"min":"pc"} {}
GET /apitest/get_userAccess?min=pc& 404 161 - 0.221 ms {"min":"pc"} {}
POST /checkLoginUser?min=pc 404 154 - 0.125 ms {"min":"pc"} {}
GET /apitest/get_userAccess?min=pc& 404 161 - 0.158 ms {"min":"pc"} {}
POST /checkLoginUser?min=pc 404 154 - 0.104 ms {"min":"pc"} {}
GET /apitest/get_userAccess?min=pc& 404 161 - 0.254 ms {"min":"pc"} {}
POST /checkLoginUser?min=pc 404 154 - 0.086 ms {"min":"pc"} {}
GET /apitest/get_userAccess?min=pc& 404 161 - 0.097 ms {"min":"pc"} {}
