2023-10-20T16:41:53.206 INFO 已经存在该会员的信息---------静默登录 {
  _id: new ObjectId("6531eb73a86d0783eeca9001"),
  user_name: '小程序用户',
  password: '123456',
  id: 24,
  create_time: '2023-10-20 10:52:35',
  admin: 'mini',
  status: 3,
  avatar: 'https://lucien.freehk.svipss.top/uploads/1c1aac37ba7728703da738ddc1b3e701.jpg',
  session_key: 'GuD+TtMkjtvrrSJn0KUobw==',
  openid: 'oIcdK5A10hxKtswx3_LQbdiVPgTE',
  createdAt: 2023-10-20T02:52:35.117Z,
  updatedAt: 2023-10-20T02:52:35.117Z,
  __v: 0
}
2023-10-20T16:44:00.263 INFO 已经存在该会员的信息---------静默登录 C:\Users\yunzhong\Desktop\nodecenli1\controller\wx {
  _id: new ObjectId("6531eb73a86d0783eeca9001"),
  user_name: '小程序用户',
  password: '123456',
  id: 24,
  create_time: '2023-10-20 10:52:35',
  admin: 'mini',
  status: 3,
  avatar: 'https://lucien.freehk.svipss.top/uploads/1c1aac37ba7728703da738ddc1b3e701.jpg',
  session_key: 'GuD+TtMkjtvrrSJn0KUobw==',
  openid: 'oIcdK5A10hxKtswx3_LQbdiVPgTE',
  createdAt: 2023-10-20T02:52:35.117Z,
  updatedAt: 2023-10-20T02:52:35.117Z,
  __v: 0
}
2023-10-20T16:45:20.111 INFO 已经存在该会员的信息---------静默登录 C:\Users\yunzhong\Desktop\nodecenli1 {
  _id: new ObjectId("6531eb73a86d0783eeca9001"),
  user_name: '小程序用户',
  password: '123456',
  id: 24,
  create_time: '2023-10-20 10:52:35',
  admin: 'mini',
  status: 3,
  avatar: 'https://lucien.freehk.svipss.top/uploads/1c1aac37ba7728703da738ddc1b3e701.jpg',
  session_key: 'GuD+TtMkjtvrrSJn0KUobw==',
  openid: 'oIcdK5A10hxKtswx3_LQbdiVPgTE',
  createdAt: 2023-10-20T02:52:35.117Z,
  updatedAt: 2023-10-20T02:52:35.117Z,
  __v: 0
}
2023-10-20T16:46:22.915 INFO 已经存在该会员的信息---------静默登录 C:\Users\yunzhong\Desktop\nodecenli1 {
  _id: new ObjectId("6531eb73a86d0783eeca9001"),
  user_name: '小程序用户',
  password: '123456',
  id: 24,
  create_time: '2023-10-20 10:52:35',
  admin: 'mini',
  status: 3,
  avatar: 'https://lucien.freehk.svipss.top/uploads/1c1aac37ba7728703da738ddc1b3e701.jpg',
  session_key: 'GuD+TtMkjtvrrSJn0KUobw==',
  openid: 'oIcdK5A10hxKtswx3_LQbdiVPgTE',
  createdAt: 2023-10-20T02:52:35.117Z,
  updatedAt: 2023-10-20T02:52:35.117Z,
  __v: 0
}
2023-10-20T16:47:44.379 INFO 已经存在该会员的信息---------静默登录 C:\Users\yunzhong\Desktop\nodecenli1 {
  _id: new ObjectId("6531eb73a86d0783eeca9001"),
  user_name: '小程序用户',
  password: '123456',
  id: 24,
  create_time: '2023-10-20 10:52:35',
  admin: 'mini',
  status: 3,
  avatar: 'https://lucien.freehk.svipss.top/uploads/1c1aac37ba7728703da738ddc1b3e701.jpg',
  session_key: 'GuD+TtMkjtvrrSJn0KUobw==',
  openid: 'oIcdK5A10hxKtswx3_LQbdiVPgTE',
  createdAt: 2023-10-20T02:52:35.117Z,
  updatedAt: 2023-10-20T02:52:35.117Z,
  __v: 0
}
2023-10-20T16:47:45.055 INFO 已经存在该会员的信息---------静默登录 C:\Users\yunzhong\Desktop\nodecenli1 {
  _id: new ObjectId("6531eb73a86d0783eeca9001"),
  user_name: '小程序用户',
  password: '123456',
  id: 24,
  create_time: '2023-10-20 10:52:35',
  admin: 'mini',
  status: 3,
  avatar: 'https://lucien.freehk.svipss.top/uploads/1c1aac37ba7728703da738ddc1b3e701.jpg',
  session_key: 'GuD+TtMkjtvrrSJn0KUobw==',
  openid: 'oIcdK5A10hxKtswx3_LQbdiVPgTE',
  createdAt: 2023-10-20T02:52:35.117Z,
  updatedAt: 2023-10-20T02:52:35.117Z,
  __v: 0
}
2023-10-20T16:47:45.690 INFO 已经存在该会员的信息---------静默登录 C:\Users\yunzhong\Desktop\nodecenli1 {
  _id: new ObjectId("6531eb73a86d0783eeca9001"),
  user_name: '小程序用户',
  password: '123456',
  id: 24,
  create_time: '2023-10-20 10:52:35',
  admin: 'mini',
  status: 3,
  avatar: 'https://lucien.freehk.svipss.top/uploads/1c1aac37ba7728703da738ddc1b3e701.jpg',
  session_key: 'GuD+TtMkjtvrrSJn0KUobw==',
  openid: 'oIcdK5A10hxKtswx3_LQbdiVPgTE',
  createdAt: 2023-10-20T02:52:35.117Z,
  updatedAt: 2023-10-20T02:52:35.117Z,
  __v: 0
}
2023-10-20T16:47:46.353 INFO 已经存在该会员的信息---------静默登录 C:\Users\yunzhong\Desktop\nodecenli1 {
  _id: new ObjectId("6531eb73a86d0783eeca9001"),
  user_name: '小程序用户',
  password: '123456',
  id: 24,
  create_time: '2023-10-20 10:52:35',
  admin: 'mini',
  status: 3,
  avatar: 'https://lucien.freehk.svipss.top/uploads/1c1aac37ba7728703da738ddc1b3e701.jpg',
  session_key: 'GuD+TtMkjtvrrSJn0KUobw==',
  openid: 'oIcdK5A10hxKtswx3_LQbdiVPgTE',
  createdAt: 2023-10-20T02:52:35.117Z,
  updatedAt: 2023-10-20T02:52:35.117Z,
  __v: 0
}
2023-10-20T16:47:47.000 INFO 已经存在该会员的信息---------静默登录 C:\Users\yunzhong\Desktop\nodecenli1 {
  _id: new ObjectId("6531eb73a86d0783eeca9001"),
  user_name: '小程序用户',
  password: '123456',
  id: 24,
  create_time: '2023-10-20 10:52:35',
  admin: 'mini',
  status: 3,
  avatar: 'https://lucien.freehk.svipss.top/uploads/1c1aac37ba7728703da738ddc1b3e701.jpg',
  session_key: 'GuD+TtMkjtvrrSJn0KUobw==',
  openid: 'oIcdK5A10hxKtswx3_LQbdiVPgTE',
  createdAt: 2023-10-20T02:52:35.117Z,
  updatedAt: 2023-10-20T02:52:35.117Z,
  __v: 0
}
2023-10-20T16:47:47.595 INFO 已经存在该会员的信息---------静默登录 C:\Users\yunzhong\Desktop\nodecenli1 {
  _id: new ObjectId("6531eb73a86d0783eeca9001"),
  user_name: '小程序用户',
  password: '123456',
  id: 24,
  create_time: '2023-10-20 10:52:35',
  admin: 'mini',
  status: 3,
  avatar: 'https://lucien.freehk.svipss.top/uploads/1c1aac37ba7728703da738ddc1b3e701.jpg',
  session_key: 'GuD+TtMkjtvrrSJn0KUobw==',
  openid: 'oIcdK5A10hxKtswx3_LQbdiVPgTE',
  createdAt: 2023-10-20T02:52:35.117Z,
  updatedAt: 2023-10-20T02:52:35.117Z,
  __v: 0
}
2023-10-20T16:47:48.196 INFO 已经存在该会员的信息---------静默登录 C:\Users\yunzhong\Desktop\nodecenli1 {
  _id: new ObjectId("6531eb73a86d0783eeca9001"),
  user_name: '小程序用户',
  password: '123456',
  id: 24,
  create_time: '2023-10-20 10:52:35',
  admin: 'mini',
  status: 3,
  avatar: 'https://lucien.freehk.svipss.top/uploads/1c1aac37ba7728703da738ddc1b3e701.jpg',
  session_key: 'GuD+TtMkjtvrrSJn0KUobw==',
  openid: 'oIcdK5A10hxKtswx3_LQbdiVPgTE',
  createdAt: 2023-10-20T02:52:35.117Z,
  updatedAt: 2023-10-20T02:52:35.117Z,
  __v: 0
}
2023-10-20T16:47:48.838 INFO 已经存在该会员的信息---------静默登录 C:\Users\yunzhong\Desktop\nodecenli1 {
  _id: new ObjectId("6531eb73a86d0783eeca9001"),
  user_name: '小程序用户',
  password: '123456',
  id: 24,
  create_time: '2023-10-20 10:52:35',
  admin: 'mini',
  status: 3,
  avatar: 'https://lucien.freehk.svipss.top/uploads/1c1aac37ba7728703da738ddc1b3e701.jpg',
  session_key: 'GuD+TtMkjtvrrSJn0KUobw==',
  openid: 'oIcdK5A10hxKtswx3_LQbdiVPgTE',
  createdAt: 2023-10-20T02:52:35.117Z,
  updatedAt: 2023-10-20T02:52:35.117Z,
  __v: 0
}
2023-10-20T16:47:49.432 INFO 已经存在该会员的信息---------静默登录 C:\Users\yunzhong\Desktop\nodecenli1 {
  _id: new ObjectId("6531eb73a86d0783eeca9001"),
  user_name: '小程序用户',
  password: '123456',
  id: 24,
  create_time: '2023-10-20 10:52:35',
  admin: 'mini',
  status: 3,
  avatar: 'https://lucien.freehk.svipss.top/uploads/1c1aac37ba7728703da738ddc1b3e701.jpg',
  session_key: 'GuD+TtMkjtvrrSJn0KUobw==',
  openid: 'oIcdK5A10hxKtswx3_LQbdiVPgTE',
  createdAt: 2023-10-20T02:52:35.117Z,
  updatedAt: 2023-10-20T02:52:35.117Z,
  __v: 0
}
2023-10-20T16:47:50.263 INFO 已经存在该会员的信息---------静默登录 C:\Users\yunzhong\Desktop\nodecenli1 {
  _id: new ObjectId("6531eb73a86d0783eeca9001"),
  user_name: '小程序用户',
  password: '123456',
  id: 24,
  create_time: '2023-10-20 10:52:35',
  admin: 'mini',
  status: 3,
  avatar: 'https://lucien.freehk.svipss.top/uploads/1c1aac37ba7728703da738ddc1b3e701.jpg',
  session_key: 'GuD+TtMkjtvrrSJn0KUobw==',
  openid: 'oIcdK5A10hxKtswx3_LQbdiVPgTE',
  createdAt: 2023-10-20T02:52:35.117Z,
  updatedAt: 2023-10-20T02:52:35.117Z,
  __v: 0
}
2023-10-20T16:47:50.861 INFO 已经存在该会员的信息---------静默登录 C:\Users\yunzhong\Desktop\nodecenli1 {
  _id: new ObjectId("6531eb73a86d0783eeca9001"),
  user_name: '小程序用户',
  password: '123456',
  id: 24,
  create_time: '2023-10-20 10:52:35',
  admin: 'mini',
  status: 3,
  avatar: 'https://lucien.freehk.svipss.top/uploads/1c1aac37ba7728703da738ddc1b3e701.jpg',
  session_key: 'GuD+TtMkjtvrrSJn0KUobw==',
  openid: 'oIcdK5A10hxKtswx3_LQbdiVPgTE',
  createdAt: 2023-10-20T02:52:35.117Z,
  updatedAt: 2023-10-20T02:52:35.117Z,
  __v: 0
}
2023-10-20T16:49:37.846 INFO 已经存在该会员的信息---------静默登录 C:\Users\yunzhong\Desktop\nodecenli1 {
  _id: new ObjectId("6531eb73a86d0783eeca9001"),
  user_name: '小程序用户',
  password: '123456',
  id: 24,
  create_time: '2023-10-20 10:52:35',
  admin: 'mini',
  status: 3,
  avatar: 'https://lucien.freehk.svipss.top/uploads/1c1aac37ba7728703da738ddc1b3e701.jpg',
  session_key: 'GuD+TtMkjtvrrSJn0KUobw==',
  openid: 'oIcdK5A10hxKtswx3_LQbdiVPgTE',
  createdAt: 2023-10-20T02:52:35.117Z,
  updatedAt: 2023-10-20T02:52:35.117Z,
  __v: 0
}
2023-10-20T16:49:37.879 INFO middleware检查微信小程序登录session状态 { userName: '小程序用户', password: '123456', uid: 24 }
2023-10-20T16:49:41.877 INFO middleware检查微信小程序登录session状态 { userName: '小程序用户', password: '123456', uid: 24 }
2023-10-20T16:49:50.100 INFO 已经存在该会员的信息---------静默登录 C:\Users\yunzhong\Desktop\nodecenli1 {
  _id: new ObjectId("6531eb73a86d0783eeca9001"),
  user_name: '小程序用户',
  password: '123456',
  id: 24,
  create_time: '2023-10-20 10:52:35',
  admin: 'mini',
  status: 3,
  avatar: 'https://lucien.freehk.svipss.top/uploads/1c1aac37ba7728703da738ddc1b3e701.jpg',
  session_key: 'GuD+TtMkjtvrrSJn0KUobw==',
  openid: 'oIcdK5A10hxKtswx3_LQbdiVPgTE',
  createdAt: 2023-10-20T02:52:35.117Z,
  updatedAt: 2023-10-20T02:52:35.117Z,
  __v: 0
}
2023-10-20T16:49:50.127 INFO middleware检查微信小程序登录session状态 { userName: '小程序用户', password: '123456', uid: 24 }
2023-10-20T16:50:20.500 INFO 已经存在该会员的信息---------静默登录 C:\Users\yunzhong\Desktop\nodecenli1 {
  _id: new ObjectId("6531eb73a86d0783eeca9001"),
  user_name: '小程序用户',
  password: '123456',
  id: 24,
  create_time: '2023-10-20 10:52:35',
  admin: 'mini',
  status: 3,
  avatar: 'https://lucien.freehk.svipss.top/uploads/1c1aac37ba7728703da738ddc1b3e701.jpg',
  session_key: 'GuD+TtMkjtvrrSJn0KUobw==',
  openid: 'oIcdK5A10hxKtswx3_LQbdiVPgTE',
  createdAt: 2023-10-20T02:52:35.117Z,
  updatedAt: 2023-10-20T02:52:35.117Z,
  __v: 0
}
2023-10-20T16:50:20.580 INFO middleware检查微信小程序登录session状态 { userName: '小程序用户', password: '123456', uid: 24 }
2023-10-20T16:50:25.299 INFO middleware检查微信小程序登录session状态 { userName: '小程序用户', password: '123456', uid: 24 }
2023-10-20T16:52:31.760 INFO 已经存在该会员的信息---------静默登录 C:\Users\yunzhong\Desktop\nodecenli1 {
  _id: new ObjectId("6531eb73a86d0783eeca9001"),
  user_name: '小程序用户',
  password: '123456',
  id: 24,
  create_time: '2023-10-20 10:52:35',
  admin: 'mini',
  status: 3,
  avatar: 'https://lucien.freehk.svipss.top/uploads/1c1aac37ba7728703da738ddc1b3e701.jpg',
  session_key: 'GuD+TtMkjtvrrSJn0KUobw==',
  openid: 'oIcdK5A10hxKtswx3_LQbdiVPgTE',
  createdAt: 2023-10-20T02:52:35.117Z,
  updatedAt: 2023-10-20T02:52:35.117Z,
  __v: 0
}
2023-10-20T16:52:31.801 INFO middleware检查微信小程序登录session状态 { userName: '小程序用户', password: '123456', uid: 24 }
2023-10-20T16:52:49.873 INFO middleware检查微信小程序登录session状态 { userName: '小程序用户', password: '123456', uid: 24 }
2023-10-20T16:53:17.043 INFO 已经存在该会员的信息---------静默登录 C:\Users\yunzhong\Desktop\nodecenli1 {
  _id: new ObjectId("6531eb73a86d0783eeca9001"),
  user_name: '小程序用户',
  password: '123456',
  id: 24,
  create_time: '2023-10-20 10:52:35',
  admin: 'mini',
  status: 3,
  avatar: 'https://lucien.freehk.svipss.top/uploads/1c1aac37ba7728703da738ddc1b3e701.jpg',
  session_key: 'GuD+TtMkjtvrrSJn0KUobw==',
  openid: 'oIcdK5A10hxKtswx3_LQbdiVPgTE',
  createdAt: 2023-10-20T02:52:35.117Z,
  updatedAt: 2023-10-20T02:52:35.117Z,
  __v: 0
}
2023-10-20T16:53:17.076 INFO middleware检查微信小程序登录session状态 { userName: '小程序用户', password: '123456', uid: 24 }
2023-10-20T16:53:40.515 INFO 已经存在该会员的信息---------静默登录 C:\Users\yunzhong\Desktop\nodecenli1 {
  _id: new ObjectId("6531eb73a86d0783eeca9001"),
  user_name: '小程序用户',
  password: '123456',
  id: 24,
  create_time: '2023-10-20 10:52:35',
  admin: 'mini',
  status: 3,
  avatar: 'https://lucien.freehk.svipss.top/uploads/1c1aac37ba7728703da738ddc1b3e701.jpg',
  session_key: 'GuD+TtMkjtvrrSJn0KUobw==',
  openid: 'oIcdK5A10hxKtswx3_LQbdiVPgTE',
  createdAt: 2023-10-20T02:52:35.117Z,
  updatedAt: 2023-10-20T02:52:35.117Z,
  __v: 0
}
2023-10-20T16:53:40.595 INFO middleware检查微信小程序登录session状态 { userName: '小程序用户', password: '123456', uid: 24 }
2023-10-20T16:54:52.673 INFO 已经存在该会员的信息---------静默登录 C:\Users\yunzhong\Desktop\nodecenli1 {
  _id: new ObjectId("6531eb73a86d0783eeca9001"),
  user_name: '小程序用户',
  password: '123456',
  id: 24,
  create_time: '2023-10-20 10:52:35',
  admin: 'mini',
  status: 3,
  avatar: 'https://lucien.freehk.svipss.top/uploads/1c1aac37ba7728703da738ddc1b3e701.jpg',
  session_key: 'GuD+TtMkjtvrrSJn0KUobw==',
  openid: 'oIcdK5A10hxKtswx3_LQbdiVPgTE',
  createdAt: 2023-10-20T02:52:35.117Z,
  updatedAt: 2023-10-20T02:52:35.117Z,
  __v: 0
}
2023-10-20T16:54:52.707 INFO middleware检查微信小程序登录session状态 { userName: '小程序用户', password: '123456', uid: 24 }
2023-10-20T16:55:07.813 INFO middleware检查微信小程序登录session状态 { userName: '小程序用户', password: '123456', uid: 24 }
2023-10-20T16:58:29.739 INFO 已经存在该会员的信息---------静默登录 C:\Users\yunzhong\Desktop\nodecenli1 {
  _id: new ObjectId("6531eb73a86d0783eeca9001"),
  user_name: '小程序用户',
  password: '123456',
  id: 24,
  create_time: '2023-10-20 10:52:35',
  admin: 'mini',
  status: 3,
  avatar: 'https://lucien.freehk.svipss.top/uploads/1c1aac37ba7728703da738ddc1b3e701.jpg',
  session_key: 'GuD+TtMkjtvrrSJn0KUobw==',
  openid: 'oIcdK5A10hxKtswx3_LQbdiVPgTE',
  createdAt: 2023-10-20T02:52:35.117Z,
  updatedAt: 2023-10-20T02:52:35.117Z,
  __v: 0
}
2023-10-20T16:58:29.774 INFO middleware检查微信小程序登录session状态 { userName: '小程序用户', password: '123456', uid: 24 }
2023-10-20T16:58:32.739 INFO middleware检查微信小程序登录session状态 { userName: '小程序用户', password: '123456', uid: 24 }
2023-10-20T16:58:53.106 INFO 已经存在该会员的信息---------静默登录 C:\Users\yunzhong\Desktop\nodecenli1 {
  _id: new ObjectId("6531eb73a86d0783eeca9001"),
  user_name: '小程序用户',
  password: '123456',
  id: 24,
  create_time: '2023-10-20 10:52:35',
  admin: 'mini',
  status: 3,
  avatar: 'https://lucien.freehk.svipss.top/uploads/1c1aac37ba7728703da738ddc1b3e701.jpg',
  session_key: 'GuD+TtMkjtvrrSJn0KUobw==',
  openid: 'oIcdK5A10hxKtswx3_LQbdiVPgTE',
  createdAt: 2023-10-20T02:52:35.117Z,
  updatedAt: 2023-10-20T02:52:35.117Z,
  __v: 0
}
2023-10-20T16:58:53.145 INFO middleware检查微信小程序登录session状态 { userName: '小程序用户', password: '123456', uid: 24 }
2023-10-20T16:58:55.428 INFO middleware检查微信小程序登录session状态 { userName: '小程序用户', password: '123456', uid: 24 }
2023-10-20T16:58:58.813 INFO middleware检查微信小程序登录session状态 { userName: '小程序用户', password: '123456', uid: 24 }
2023-10-20T16:59:34.480 INFO 已经存在该会员的信息---------静默登录 C:\Users\yunzhong\Desktop\nodecenli1 {
  _id: new ObjectId("6531eb73a86d0783eeca9001"),
  user_name: '小程序用户',
  password: '123456',
  id: 24,
  create_time: '2023-10-20 10:52:35',
  admin: 'mini',
  status: 3,
  avatar: 'https://lucien.freehk.svipss.top/uploads/1c1aac37ba7728703da738ddc1b3e701.jpg',
  session_key: 'GuD+TtMkjtvrrSJn0KUobw==',
  openid: 'oIcdK5A10hxKtswx3_LQbdiVPgTE',
  createdAt: 2023-10-20T02:52:35.117Z,
  updatedAt: 2023-10-20T02:52:35.117Z,
  __v: 0
}
2023-10-20T16:59:34.510 INFO middleware检查微信小程序登录session状态 { userName: '小程序用户', password: '123456', uid: 24 }
2023-10-20T16:59:37.026 INFO middleware检查微信小程序登录session状态 { userName: '小程序用户', password: '123456', uid: 24 }
