{"startTime":"2023-03-14T08:23:18.035Z","categoryName":"服务器访问日志","data":[{},"/checkLoginUser","POST"],"level":{"level":20000,"levelStr":"INFO","colour":"green"},"context":{},"pid":15556},
{"startTime":"2023-03-14T08:23:18.038Z","categoryName":"服务器访问日志","data":[{},"/checkLoginUser","POST",{"name":"JsonWebTokenError","message":"jwt malformed"}],"level":{"level":20000,"levelStr":"INFO","colour":"green"},"context":{},"pid":15556,"error":{"name":"JsonWebTokenError","message":"jwt malformed"}},
{"startTime":"2023-03-14T08:23:26.993Z","categoryName":"服务器访问日志","data":[{},"/checkLoginUser","POST"],"level":{"level":20000,"levelStr":"INFO","colour":"green"},"context":{},"pid":1428},
{"startTime":"2023-03-14T08:23:26.996Z","categoryName":"服务器访问日志","data":[{},"/checkLoginUser","POST",{"name":"JsonWebTokenError","message":"jwt malformed"}],"level":{"level":20000,"levelStr":"INFO","colour":"green"},"context":{},"pid":1428,"error":{"name":"JsonWebTokenError","message":"jwt malformed"}},
{"startTime":"2023-03-14T08:23:38.016Z","categoryName":"服务器访问日志","data":[{},"/checkLoginUser","POST"],"level":{"level":20000,"levelStr":"INFO","colour":"green"},"context":{},"pid":1428},
{"startTime":"2023-03-14T08:23:38.018Z","categoryName":"服务器访问日志","data":[{},"/checkLoginUser","POST",{"name":"JsonWebTokenError","message":"jwt malformed"}],"level":{"level":20000,"levelStr":"INFO","colour":"green"},"context":{},"pid":1428,"error":{"name":"JsonWebTokenError","message":"jwt malformed"}},
{"startTime":"2023-03-14T08:23:53.666Z","categoryName":"服务器访问日志","data":[{},"/checkLoginUser","POST"],"level":{"level":20000,"levelStr":"INFO","colour":"green"},"context":{},"pid":19796},
{"startTime":"2023-03-14T08:23:53.669Z","categoryName":"服务器访问日志","data":[{},"/checkLoginUser","POST",{"name":"JsonWebTokenError","message":"jwt malformed"}],"level":{"level":20000,"levelStr":"INFO","colour":"green"},"context":{},"pid":19796,"error":{"name":"JsonWebTokenError","message":"jwt malformed"}},
{"startTime":"2023-03-14T08:24:32.365Z","categoryName":"服务器访问日志","data":[{},"/checkLoginUser","POST"],"level":{"level":20000,"levelStr":"INFO","colour":"green"},"context":{},"pid":8268},
{"startTime":"2023-03-14T08:24:32.367Z","categoryName":"服务器访问日志","data":[{},"/checkLoginUser","POST",{"name":"JsonWebTokenError","message":"jwt malformed"}],"level":{"level":20000,"levelStr":"INFO","colour":"green"},"context":{},"pid":8268,"error":{"name":"JsonWebTokenError","message":"jwt malformed"}},
{"startTime":"2023-03-14T08:24:34.925Z","categoryName":"服务器访问日志","data":[{},"/checkLoginUser","POST"],"level":{"level":20000,"levelStr":"INFO","colour":"green"},"context":{},"pid":8268},
{"startTime":"2023-03-14T08:24:34.927Z","categoryName":"服务器访问日志","data":[{},"/checkLoginUser","POST",{"name":"JsonWebTokenError","message":"jwt malformed"}],"level":{"level":20000,"levelStr":"INFO","colour":"green"},"context":{},"pid":8268,"error":{"name":"JsonWebTokenError","message":"jwt malformed"}},
{"startTime":"2023-03-14T08:24:48.094Z","categoryName":"服务器访问日志","data":[{},"/checkLoginUser","POST"],"level":{"level":20000,"levelStr":"INFO","colour":"green"},"context":{},"pid":12572},
{"startTime":"2023-03-14T08:24:48.102Z","categoryName":"服务器访问日志","data":[{},"/allReferee","POST"],"level":{"level":20000,"levelStr":"INFO","colour":"green"},"context":{},"pid":12572},
{"startTime":"2023-03-14T08:24:59.206Z","categoryName":"服务器访问日志","data":[{},"/checkLoginUser","POST"],"level":{"level":20000,"levelStr":"INFO","colour":"green"},"context":{},"pid":12572},
{"startTime":"2023-03-14T08:24:59.210Z","categoryName":"服务器访问日志","data":[{},"/checkLoginUser","POST",{"name":"TokenExpiredError","message":"jwt expired","expiredAt":"2023-03-14T08:24:52.000Z"}],"level":{"level":20000,"levelStr":"INFO","colour":"green"},"context":{},"pid":12572,"error":{"name":"TokenExpiredError","message":"jwt expired","expiredAt":"2023-03-14T08:24:52.000Z"}},
{"startTime":"2023-03-14T08:26:54.722Z","categoryName":"服务器访问日志","data":[{},"/checkLoginUser","POST"],"level":{"level":20000,"levelStr":"INFO","colour":"green"},"context":{},"pid":21596},
{"startTime":"2023-03-14T08:26:54.728Z","categoryName":"服务器访问日志","data":[{},"/checkLoginUser","POST",{"name":"TokenExpiredError","message":"jwt expired","expiredAt":"2023-03-14T08:24:52.000Z"}],"level":{"level":20000,"levelStr":"INFO","colour":"green"},"context":{},"pid":21596,"error":{"name":"TokenExpiredError","message":"jwt expired","expiredAt":"2023-03-14T08:24:52.000Z"}},
{"startTime":"2023-03-14T08:27:03.129Z","categoryName":"服务器访问日志","data":[{},"/checkLoginUser","POST"],"level":{"level":20000,"levelStr":"INFO","colour":"green"},"context":{},"pid":21596},
{"startTime":"2023-03-14T08:27:03.132Z","categoryName":"服务器访问日志","data":[{},"/checkLoginUser","POST",{"name":"TokenExpiredError","message":"jwt expired","expiredAt":"2023-03-14T08:24:52.000Z"}],"level":{"level":20000,"levelStr":"INFO","colour":"green"},"context":{},"pid":21596,"error":{"name":"TokenExpiredError","message":"jwt expired","expiredAt":"2023-03-14T08:24:52.000Z"}},
{"startTime":"2023-03-14T08:27:33.564Z","categoryName":"服务器访问日志","data":[{},"/checkLoginUser","POST"],"level":{"level":20000,"levelStr":"INFO","colour":"green"},"context":{},"pid":21596},
{"startTime":"2023-03-14T08:27:33.571Z","categoryName":"服务器访问日志","data":[{},"/checkLoginUser","POST",{"name":"TokenExpiredError","message":"jwt expired","expiredAt":"2023-03-14T08:24:52.000Z"}],"level":{"level":20000,"levelStr":"INFO","colour":"green"},"context":{},"pid":21596,"error":{"name":"TokenExpiredError","message":"jwt expired","expiredAt":"2023-03-14T08:24:52.000Z"}},
{"startTime":"2023-03-14T08:27:38.233Z","categoryName":"服务器访问日志","data":[{},"/checkLoginUser","POST"],"level":{"level":20000,"levelStr":"INFO","colour":"green"},"context":{},"pid":21596},
{"startTime":"2023-03-14T08:27:38.236Z","categoryName":"服务器访问日志","data":[{},"/checkLoginUser","POST",{"name":"TokenExpiredError","message":"jwt expired","expiredAt":"2023-03-14T08:24:52.000Z"}],"level":{"level":20000,"levelStr":"INFO","colour":"green"},"context":{},"pid":21596,"error":{"name":"TokenExpiredError","message":"jwt expired","expiredAt":"2023-03-14T08:24:52.000Z"}},
{"startTime":"2023-03-14T08:27:57.173Z","categoryName":"服务器访问日志","data":[{},"/checkLoginUser","POST"],"level":{"level":20000,"levelStr":"INFO","colour":"green"},"context":{},"pid":17260},
{"startTime":"2023-03-14T08:27:57.181Z","categoryName":"服务器访问日志","data":[{},"/checkLoginUser","POST","TokenExpiredError"],"level":{"level":20000,"levelStr":"INFO","colour":"green"},"context":{},"pid":17260},
{"startTime":"2023-03-14T08:28:14.648Z","categoryName":"服务器访问日志","data":[{},"/checkLoginUser","POST"],"level":{"level":20000,"levelStr":"INFO","colour":"green"},"context":{},"pid":15392},
{"startTime":"2023-03-14T08:28:14.651Z","categoryName":"服务器访问日志","data":[{},"/checkLoginUser","POST",{"name":"TokenExpiredError","message":"jwt expired","expiredAt":"2023-03-14T08:24:52.000Z"}],"level":{"level":20000,"levelStr":"INFO","colour":"green"},"context":{},"pid":15392,"error":{"name":"TokenExpiredError","message":"jwt expired","expiredAt":"2023-03-14T08:24:52.000Z"}},
{"startTime":"2023-03-14T08:29:33.540Z","categoryName":"服务器访问日志","data":[{},"/checkLoginUser","POST"],"level":{"level":20000,"levelStr":"INFO","colour":"green"},"context":{},"pid":1428},
{"startTime":"2023-03-14T08:29:33.549Z","categoryName":"服务器访问日志","data":[{},"/checkLoginUser","POST",{"name":"TokenExpiredError","message":"jwt expired","expiredAt":"2023-03-14T08:24:52.000Z"}],"level":{"level":20000,"levelStr":"INFO","colour":"green"},"context":{},"pid":1428,"error":{"name":"TokenExpiredError","message":"jwt expired","expiredAt":"2023-03-14T08:24:52.000Z"}},
{"startTime":"2023-03-14T08:29:45.198Z","categoryName":"服务器访问日志","data":[{},"/checkLoginUser","POST"],"level":{"level":20000,"levelStr":"INFO","colour":"green"},"context":{},"pid":1428},
{"startTime":"2023-03-14T08:29:45.202Z","categoryName":"服务器访问日志","data":[{},"/checkLoginUser","POST",{"name":"TokenExpiredError","message":"jwt expired","expiredAt":"2023-03-14T08:24:52.000Z"}],"level":{"level":20000,"levelStr":"INFO","colour":"green"},"context":{},"pid":1428,"error":{"name":"TokenExpiredError","message":"jwt expired","expiredAt":"2023-03-14T08:24:52.000Z"}},
{"startTime":"2023-03-14T08:29:49.796Z","categoryName":"服务器访问日志","data":[{},"/checkLoginUser","POST"],"level":{"level":20000,"levelStr":"INFO","colour":"green"},"context":{},"pid":1428},
{"startTime":"2023-03-14T08:29:49.799Z","categoryName":"服务器访问日志","data":[{},"/checkLoginUser","POST",{"name":"TokenExpiredError","message":"jwt expired","expiredAt":"2023-03-14T08:24:52.000Z"}],"level":{"level":20000,"levelStr":"INFO","colour":"green"},"context":{},"pid":1428,"error":{"name":"TokenExpiredError","message":"jwt expired","expiredAt":"2023-03-14T08:24:52.000Z"}},
{"startTime":"2023-03-14T08:29:52.524Z","categoryName":"服务器访问日志","data":[{},"/checkLoginUser","POST"],"level":{"level":20000,"levelStr":"INFO","colour":"green"},"context":{},"pid":1428},
{"startTime":"2023-03-14T08:29:52.526Z","categoryName":"服务器访问日志","data":[{},"/checkLoginUser","POST",{"name":"TokenExpiredError","message":"jwt expired","expiredAt":"2023-03-14T08:24:52.000Z"}],"level":{"level":20000,"levelStr":"INFO","colour":"green"},"context":{},"pid":1428,"error":{"name":"TokenExpiredError","message":"jwt expired","expiredAt":"2023-03-14T08:24:52.000Z"}},
{"startTime":"2023-03-14T08:29:56.304Z","categoryName":"服务器访问日志","data":[{},"/checkLoginUser","POST"],"level":{"level":20000,"levelStr":"INFO","colour":"green"},"context":{},"pid":1428},
{"startTime":"2023-03-14T08:29:56.307Z","categoryName":"服务器访问日志","data":[{},"/checkLoginUser","POST",{"name":"TokenExpiredError","message":"jwt expired","expiredAt":"2023-03-14T08:24:52.000Z"}],"level":{"level":20000,"levelStr":"INFO","colour":"green"},"context":{},"pid":1428,"error":{"name":"TokenExpiredError","message":"jwt expired","expiredAt":"2023-03-14T08:24:52.000Z"}},
{"startTime":"2023-03-14T08:29:58.299Z","categoryName":"服务器访问日志","data":[{},"/checkLoginUser","POST"],"level":{"level":20000,"levelStr":"INFO","colour":"green"},"context":{},"pid":1428},
{"startTime":"2023-03-14T08:29:58.301Z","categoryName":"服务器访问日志","data":[{},"/checkLoginUser","POST",{"name":"TokenExpiredError","message":"jwt expired","expiredAt":"2023-03-14T08:24:52.000Z"}],"level":{"level":20000,"levelStr":"INFO","colour":"green"},"context":{},"pid":1428,"error":{"name":"TokenExpiredError","message":"jwt expired","expiredAt":"2023-03-14T08:24:52.000Z"}},
{"startTime":"2023-03-14T08:30:18.718Z","categoryName":"服务器访问日志","data":[{},"/checkLoginUser","POST"],"level":{"level":20000,"levelStr":"INFO","colour":"green"},"context":{},"pid":1428},
{"startTime":"2023-03-14T08:30:18.721Z","categoryName":"服务器访问日志","data":[{},"/checkLoginUser","POST",{"name":"TokenExpiredError","message":"jwt expired","expiredAt":"2023-03-14T08:24:52.000Z"}],"level":{"level":20000,"levelStr":"INFO","colour":"green"},"context":{},"pid":1428,"error":{"name":"TokenExpiredError","message":"jwt expired","expiredAt":"2023-03-14T08:24:52.000Z"}},
{"startTime":"2023-03-14T08:30:38.422Z","categoryName":"服务器访问日志","data":[{},"/checkLoginUser","POST"],"level":{"level":20000,"levelStr":"INFO","colour":"green"},"context":{},"pid":1428},
{"startTime":"2023-03-14T08:30:38.426Z","categoryName":"服务器访问日志","data":[{},"/checkLoginUser","POST",{"name":"TokenExpiredError","message":"jwt expired","expiredAt":"2023-03-14T08:24:52.000Z"}],"level":{"level":20000,"levelStr":"INFO","colour":"green"},"context":{},"pid":1428,"error":{"name":"TokenExpiredError","message":"jwt expired","expiredAt":"2023-03-14T08:24:52.000Z"}},
{"startTime":"2023-03-14T08:30:39.792Z","categoryName":"服务器访问日志","data":[{},"/checkLoginUser","POST"],"level":{"level":20000,"levelStr":"INFO","colour":"green"},"context":{},"pid":1428},
{"startTime":"2023-03-14T08:30:39.794Z","categoryName":"服务器访问日志","data":[{},"/checkLoginUser","POST",{"name":"TokenExpiredError","message":"jwt expired","expiredAt":"2023-03-14T08:24:52.000Z"}],"level":{"level":20000,"levelStr":"INFO","colour":"green"},"context":{},"pid":1428,"error":{"name":"TokenExpiredError","message":"jwt expired","expiredAt":"2023-03-14T08:24:52.000Z"}},
{"startTime":"2023-03-14T08:30:58.965Z","categoryName":"服务器访问日志","data":[{},"/checkLoginUser","POST"],"level":{"level":20000,"levelStr":"INFO","colour":"green"},"context":{},"pid":1428},
{"startTime":"2023-03-14T08:30:58.966Z","categoryName":"服务器访问日志","data":[{},"/checkLoginUser","POST",{"name":"TokenExpiredError","message":"jwt expired","expiredAt":"2023-03-14T08:24:52.000Z"}],"level":{"level":20000,"levelStr":"INFO","colour":"green"},"context":{},"pid":1428,"error":{"name":"TokenExpiredError","message":"jwt expired","expiredAt":"2023-03-14T08:24:52.000Z"}},
{"startTime":"2023-03-14T08:31:00.155Z","categoryName":"服务器访问日志","data":[{},"/checkLoginUser","POST"],"level":{"level":20000,"levelStr":"INFO","colour":"green"},"context":{},"pid":1428},
{"startTime":"2023-03-14T08:31:00.157Z","categoryName":"服务器访问日志","data":[{},"/checkLoginUser","POST",{"name":"TokenExpiredError","message":"jwt expired","expiredAt":"2023-03-14T08:24:52.000Z"}],"level":{"level":20000,"levelStr":"INFO","colour":"green"},"context":{},"pid":1428,"error":{"name":"TokenExpiredError","message":"jwt expired","expiredAt":"2023-03-14T08:24:52.000Z"}},
{"startTime":"2023-03-14T08:31:01.637Z","categoryName":"服务器访问日志","data":[{},"/checkLoginUser","POST"],"level":{"level":20000,"levelStr":"INFO","colour":"green"},"context":{},"pid":1428},
{"startTime":"2023-03-14T08:31:01.640Z","categoryName":"服务器访问日志","data":[{},"/checkLoginUser","POST",{"name":"TokenExpiredError","message":"jwt expired","expiredAt":"2023-03-14T08:24:52.000Z"}],"level":{"level":20000,"levelStr":"INFO","colour":"green"},"context":{},"pid":1428,"error":{"name":"TokenExpiredError","message":"jwt expired","expiredAt":"2023-03-14T08:24:52.000Z"}},
{"startTime":"2023-03-14T08:31:10.417Z","categoryName":"服务器访问日志","data":[{},"/checkLoginUser","POST"],"level":{"level":20000,"levelStr":"INFO","colour":"green"},"context":{},"pid":1428},
{"startTime":"2023-03-14T08:31:10.419Z","categoryName":"服务器访问日志","data":[{},"/checkLoginUser","POST",{"name":"TokenExpiredError","message":"jwt expired","expiredAt":"2023-03-14T08:24:52.000Z"}],"level":{"level":20000,"levelStr":"INFO","colour":"green"},"context":{},"pid":1428,"error":{"name":"TokenExpiredError","message":"jwt expired","expiredAt":"2023-03-14T08:24:52.000Z"}},
{"startTime":"2023-03-14T08:31:11.057Z","categoryName":"服务器访问日志","data":[{},"/checkLoginUser","POST"],"level":{"level":20000,"levelStr":"INFO","colour":"green"},"context":{},"pid":1428},
{"startTime":"2023-03-14T08:31:11.060Z","categoryName":"服务器访问日志","data":[{},"/checkLoginUser","POST",{"name":"TokenExpiredError","message":"jwt expired","expiredAt":"2023-03-14T08:24:52.000Z"}],"level":{"level":20000,"levelStr":"INFO","colour":"green"},"context":{},"pid":1428,"error":{"name":"TokenExpiredError","message":"jwt expired","expiredAt":"2023-03-14T08:24:52.000Z"}},
{"startTime":"2023-03-14T08:31:12.519Z","categoryName":"服务器访问日志","data":[{},"/checkLoginUser","POST"],"level":{"level":20000,"levelStr":"INFO","colour":"green"},"context":{},"pid":1428},
{"startTime":"2023-03-14T08:31:12.522Z","categoryName":"服务器访问日志","data":[{},"/checkLoginUser","POST",{"name":"TokenExpiredError","message":"jwt expired","expiredAt":"2023-03-14T08:24:52.000Z"}],"level":{"level":20000,"levelStr":"INFO","colour":"green"},"context":{},"pid":1428,"error":{"name":"TokenExpiredError","message":"jwt expired","expiredAt":"2023-03-14T08:24:52.000Z"}},
{"startTime":"2023-03-14T08:31:15.389Z","categoryName":"服务器访问日志","data":[{},"/checkLoginUser","POST"],"level":{"level":20000,"levelStr":"INFO","colour":"green"},"context":{},"pid":1428},
{"startTime":"2023-03-14T08:31:15.391Z","categoryName":"服务器访问日志","data":[{},"/checkLoginUser","POST",{"name":"TokenExpiredError","message":"jwt expired","expiredAt":"2023-03-14T08:24:52.000Z"}],"level":{"level":20000,"levelStr":"INFO","colour":"green"},"context":{},"pid":1428,"error":{"name":"TokenExpiredError","message":"jwt expired","expiredAt":"2023-03-14T08:24:52.000Z"}},
{"startTime":"2023-03-14T08:31:25.818Z","categoryName":"服务器访问日志","data":[{},"/checkLoginUser","POST"],"level":{"level":20000,"levelStr":"INFO","colour":"green"},"context":{},"pid":1428},
{"startTime":"2023-03-14T08:31:25.820Z","categoryName":"服务器访问日志","data":[{},"/checkLoginUser","POST",{"name":"TokenExpiredError","message":"jwt expired","expiredAt":"2023-03-14T08:24:52.000Z"}],"level":{"level":20000,"levelStr":"INFO","colour":"green"},"context":{},"pid":1428,"error":{"name":"TokenExpiredError","message":"jwt expired","expiredAt":"2023-03-14T08:24:52.000Z"}},
{"startTime":"2023-03-14T08:31:27.573Z","categoryName":"服务器访问日志","data":[{},"/checkLoginUser","POST"],"level":{"level":20000,"levelStr":"INFO","colour":"green"},"context":{},"pid":1428},
{"startTime":"2023-03-14T08:31:27.576Z","categoryName":"服务器访问日志","data":[{},"/checkLoginUser","POST",{"name":"TokenExpiredError","message":"jwt expired","expiredAt":"2023-03-14T08:24:52.000Z"}],"level":{"level":20000,"levelStr":"INFO","colour":"green"},"context":{},"pid":1428,"error":{"name":"TokenExpiredError","message":"jwt expired","expiredAt":"2023-03-14T08:24:52.000Z"}},
{"startTime":"2023-03-14T08:31:35.909Z","categoryName":"服务器访问日志","data":[{},"/checkLoginUser","POST"],"level":{"level":20000,"levelStr":"INFO","colour":"green"},"context":{},"pid":1428},
{"startTime":"2023-03-14T08:31:35.912Z","categoryName":"服务器访问日志","data":[{},"/checkLoginUser","POST",{"name":"TokenExpiredError","message":"jwt expired","expiredAt":"2023-03-14T08:24:52.000Z"}],"level":{"level":20000,"levelStr":"INFO","colour":"green"},"context":{},"pid":1428,"error":{"name":"TokenExpiredError","message":"jwt expired","expiredAt":"2023-03-14T08:24:52.000Z"}},
{"startTime":"2023-03-14T08:31:38.919Z","categoryName":"服务器访问日志","data":[{},"/checkLoginUser","POST"],"level":{"level":20000,"levelStr":"INFO","colour":"green"},"context":{},"pid":1428},
{"startTime":"2023-03-14T08:31:38.921Z","categoryName":"服务器访问日志","data":[{},"/checkLoginUser","POST",{"name":"TokenExpiredError","message":"jwt expired","expiredAt":"2023-03-14T08:24:52.000Z"}],"level":{"level":20000,"levelStr":"INFO","colour":"green"},"context":{},"pid":1428,"error":{"name":"TokenExpiredError","message":"jwt expired","expiredAt":"2023-03-14T08:24:52.000Z"}},
{"startTime":"2023-03-14T08:31:40.385Z","categoryName":"服务器访问日志","data":[{},"/checkLoginUser","POST"],"level":{"level":20000,"levelStr":"INFO","colour":"green"},"context":{},"pid":1428},
{"startTime":"2023-03-14T08:31:40.387Z","categoryName":"服务器访问日志","data":[{},"/checkLoginUser","POST",{"name":"TokenExpiredError","message":"jwt expired","expiredAt":"2023-03-14T08:24:52.000Z"}],"level":{"level":20000,"levelStr":"INFO","colour":"green"},"context":{},"pid":1428,"error":{"name":"TokenExpiredError","message":"jwt expired","expiredAt":"2023-03-14T08:24:52.000Z"}},
{"startTime":"2023-03-14T08:31:41.810Z","categoryName":"服务器访问日志","data":[{},"/checkLoginUser","POST"],"level":{"level":20000,"levelStr":"INFO","colour":"green"},"context":{},"pid":1428},
{"startTime":"2023-03-14T08:31:41.812Z","categoryName":"服务器访问日志","data":[{},"/checkLoginUser","POST",{"name":"TokenExpiredError","message":"jwt expired","expiredAt":"2023-03-14T08:24:52.000Z"}],"level":{"level":20000,"levelStr":"INFO","colour":"green"},"context":{},"pid":1428,"error":{"name":"TokenExpiredError","message":"jwt expired","expiredAt":"2023-03-14T08:24:52.000Z"}},
{"startTime":"2023-03-14T08:31:59.304Z","categoryName":"服务器访问日志","data":[{},"/checkLoginUser","POST"],"level":{"level":20000,"levelStr":"INFO","colour":"green"},"context":{},"pid":1428},
{"startTime":"2023-03-14T08:31:59.308Z","categoryName":"服务器访问日志","data":[{},"/checkLoginUser","POST",{"name":"TokenExpiredError","message":"jwt expired","expiredAt":"2023-03-14T08:24:52.000Z"}],"level":{"level":20000,"levelStr":"INFO","colour":"green"},"context":{},"pid":1428,"error":{"name":"TokenExpiredError","message":"jwt expired","expiredAt":"2023-03-14T08:24:52.000Z"}},
{"startTime":"2023-03-14T08:31:59.972Z","categoryName":"服务器访问日志","data":[{},"/checkLoginUser","POST"],"level":{"level":20000,"levelStr":"INFO","colour":"green"},"context":{},"pid":1428},
{"startTime":"2023-03-14T08:31:59.977Z","categoryName":"服务器访问日志","data":[{},"/checkLoginUser","POST",{"name":"TokenExpiredError","message":"jwt expired","expiredAt":"2023-03-14T08:24:52.000Z"}],"level":{"level":20000,"levelStr":"INFO","colour":"green"},"context":{},"pid":1428,"error":{"name":"TokenExpiredError","message":"jwt expired","expiredAt":"2023-03-14T08:24:52.000Z"}},
{"startTime":"2023-03-14T08:32:01.979Z","categoryName":"服务器访问日志","data":[{},"/checkLoginUser","POST"],"level":{"level":20000,"levelStr":"INFO","colour":"green"},"context":{},"pid":1428},
{"startTime":"2023-03-14T08:32:01.981Z","categoryName":"服务器访问日志","data":[{},"/checkLoginUser","POST",{"name":"TokenExpiredError","message":"jwt expired","expiredAt":"2023-03-14T08:24:52.000Z"}],"level":{"level":20000,"levelStr":"INFO","colour":"green"},"context":{},"pid":1428,"error":{"name":"TokenExpiredError","message":"jwt expired","expiredAt":"2023-03-14T08:24:52.000Z"}},
{"startTime":"2023-03-14T08:32:08.216Z","categoryName":"服务器访问日志","data":[{},"/checkLoginUser","POST"],"level":{"level":20000,"levelStr":"INFO","colour":"green"},"context":{},"pid":1428},
{"startTime":"2023-03-14T08:32:08.218Z","categoryName":"服务器访问日志","data":[{},"/checkLoginUser","POST",{"name":"TokenExpiredError","message":"jwt expired","expiredAt":"2023-03-14T08:24:52.000Z"}],"level":{"level":20000,"levelStr":"INFO","colour":"green"},"context":{},"pid":1428,"error":{"name":"TokenExpiredError","message":"jwt expired","expiredAt":"2023-03-14T08:24:52.000Z"}},
{"startTime":"2023-03-14T08:32:10.444Z","categoryName":"服务器访问日志","data":[{},"/checkLoginUser","POST"],"level":{"level":20000,"levelStr":"INFO","colour":"green"},"context":{},"pid":1428},
{"startTime":"2023-03-14T08:32:10.446Z","categoryName":"服务器访问日志","data":[{},"/checkLoginUser","POST",{"name":"TokenExpiredError","message":"jwt expired","expiredAt":"2023-03-14T08:24:52.000Z"}],"level":{"level":20000,"levelStr":"INFO","colour":"green"},"context":{},"pid":1428,"error":{"name":"TokenExpiredError","message":"jwt expired","expiredAt":"2023-03-14T08:24:52.000Z"}},
{"startTime":"2023-03-14T08:32:14.231Z","categoryName":"服务器访问日志","data":[{},"/checkLoginUser","POST"],"level":{"level":20000,"levelStr":"INFO","colour":"green"},"context":{},"pid":1428},
{"startTime":"2023-03-14T08:32:14.233Z","categoryName":"服务器访问日志","data":[{},"/checkLoginUser","POST",{"name":"TokenExpiredError","message":"jwt expired","expiredAt":"2023-03-14T08:24:52.000Z"}],"level":{"level":20000,"levelStr":"INFO","colour":"green"},"context":{},"pid":1428,"error":{"name":"TokenExpiredError","message":"jwt expired","expiredAt":"2023-03-14T08:24:52.000Z"}},
{"startTime":"2023-03-14T08:32:20.075Z","categoryName":"服务器访问日志","data":[{},"/checkLoginUser","POST"],"level":{"level":20000,"levelStr":"INFO","colour":"green"},"context":{},"pid":1428},
{"startTime":"2023-03-14T08:32:20.078Z","categoryName":"服务器访问日志","data":[{},"/checkLoginUser","POST",{"name":"TokenExpiredError","message":"jwt expired","expiredAt":"2023-03-14T08:24:52.000Z"}],"level":{"level":20000,"levelStr":"INFO","colour":"green"},"context":{},"pid":1428,"error":{"name":"TokenExpiredError","message":"jwt expired","expiredAt":"2023-03-14T08:24:52.000Z"}},
{"startTime":"2023-03-14T08:32:20.969Z","categoryName":"服务器访问日志","data":[{},"/checkLoginUser","POST"],"level":{"level":20000,"levelStr":"INFO","colour":"green"},"context":{},"pid":1428},
{"startTime":"2023-03-14T08:32:20.971Z","categoryName":"服务器访问日志","data":[{},"/checkLoginUser","POST",{"name":"TokenExpiredError","message":"jwt expired","expiredAt":"2023-03-14T08:24:52.000Z"}],"level":{"level":20000,"levelStr":"INFO","colour":"green"},"context":{},"pid":1428,"error":{"name":"TokenExpiredError","message":"jwt expired","expiredAt":"2023-03-14T08:24:52.000Z"}},
{"startTime":"2023-03-14T08:32:55.937Z","categoryName":"服务器访问日志","data":[{},"/checkLoginUser","POST"],"level":{"level":20000,"levelStr":"INFO","colour":"green"},"context":{},"pid":1428},
{"startTime":"2023-03-14T08:32:55.939Z","categoryName":"服务器访问日志","data":[{},"/checkLoginUser","POST",{"name":"TokenExpiredError","message":"jwt expired","expiredAt":"2023-03-14T08:24:52.000Z"}],"level":{"level":20000,"levelStr":"INFO","colour":"green"},"context":{},"pid":1428,"error":{"name":"TokenExpiredError","message":"jwt expired","expiredAt":"2023-03-14T08:24:52.000Z"}},
{"startTime":"2023-03-14T08:32:59.957Z","categoryName":"服务器访问日志","data":[{},"/checkLoginUser","POST"],"level":{"level":20000,"levelStr":"INFO","colour":"green"},"context":{},"pid":1428},
{"startTime":"2023-03-14T08:32:59.961Z","categoryName":"服务器访问日志","data":[{},"/checkLoginUser","POST",{"name":"TokenExpiredError","message":"jwt expired","expiredAt":"2023-03-14T08:24:52.000Z"}],"level":{"level":20000,"levelStr":"INFO","colour":"green"},"context":{},"pid":1428,"error":{"name":"TokenExpiredError","message":"jwt expired","expiredAt":"2023-03-14T08:24:52.000Z"}},
{"startTime":"2023-03-14T08:33:01.671Z","categoryName":"服务器访问日志","data":[{},"/checkLoginUser","POST"],"level":{"level":20000,"levelStr":"INFO","colour":"green"},"context":{},"pid":1428},
{"startTime":"2023-03-14T08:33:01.673Z","categoryName":"服务器访问日志","data":[{},"/checkLoginUser","POST",{"name":"TokenExpiredError","message":"jwt expired","expiredAt":"2023-03-14T08:24:52.000Z"}],"level":{"level":20000,"levelStr":"INFO","colour":"green"},"context":{},"pid":1428,"error":{"name":"TokenExpiredError","message":"jwt expired","expiredAt":"2023-03-14T08:24:52.000Z"}},
{"startTime":"2023-03-14T08:33:02.871Z","categoryName":"服务器访问日志","data":[{},"/checkLoginUser","POST"],"level":{"level":20000,"levelStr":"INFO","colour":"green"},"context":{},"pid":1428},
{"startTime":"2023-03-14T08:33:02.873Z","categoryName":"服务器访问日志","data":[{},"/checkLoginUser","POST",{"name":"TokenExpiredError","message":"jwt expired","expiredAt":"2023-03-14T08:24:52.000Z"}],"level":{"level":20000,"levelStr":"INFO","colour":"green"},"context":{},"pid":1428,"error":{"name":"TokenExpiredError","message":"jwt expired","expiredAt":"2023-03-14T08:24:52.000Z"}},
{"startTime":"2023-03-14T08:33:18.722Z","categoryName":"服务器访问日志","data":[{},"/checkLoginUser","POST"],"level":{"level":20000,"levelStr":"INFO","colour":"green"},"context":{},"pid":1428},
{"startTime":"2023-03-14T08:33:18.724Z","categoryName":"服务器访问日志","data":[{},"/checkLoginUser","POST",{"name":"TokenExpiredError","message":"jwt expired","expiredAt":"2023-03-14T08:24:52.000Z"}],"level":{"level":20000,"levelStr":"INFO","colour":"green"},"context":{},"pid":1428,"error":{"name":"TokenExpiredError","message":"jwt expired","expiredAt":"2023-03-14T08:24:52.000Z"}},
{"startTime":"2023-03-14T08:33:23.545Z","categoryName":"服务器访问日志","data":[{},"/checkLoginUser","POST"],"level":{"level":20000,"levelStr":"INFO","colour":"green"},"context":{},"pid":1428},
{"startTime":"2023-03-14T08:33:23.863Z","categoryName":"服务器访问日志","data":[{},"/allReferee","POST"],"level":{"level":20000,"levelStr":"INFO","colour":"green"},"context":{},"pid":1428},
{"startTime":"2023-03-14T08:33:25.267Z","categoryName":"服务器访问日志","data":[{},"/checkLoginUser","POST"],"level":{"level":20000,"levelStr":"INFO","colour":"green"},"context":{},"pid":1428},
{"startTime":"2023-03-14T08:33:25.295Z","categoryName":"服务器访问日志","data":[{},"/allReferee","POST"],"level":{"level":20000,"levelStr":"INFO","colour":"green"},"context":{},"pid":1428},
{"startTime":"2023-03-14T08:33:35.546Z","categoryName":"服务器访问日志","data":[{},"/checkLoginUser","POST"],"level":{"level":20000,"levelStr":"INFO","colour":"green"},"context":{},"pid":17796},
{"startTime":"2023-03-14T08:33:35.551Z","categoryName":"服务器访问日志","data":[{},"/checkLoginUser","POST",{"name":"TokenExpiredError","message":"jwt expired","expiredAt":"2023-03-14T08:33:28.000Z"}],"level":{"level":20000,"levelStr":"INFO","colour":"green"},"context":{},"pid":17796,"error":{"name":"TokenExpiredError","message":"jwt expired","expiredAt":"2023-03-14T08:33:28.000Z"}},
{"startTime":"2023-03-14T08:34:06.989Z","categoryName":"服务器访问日志","data":[{},"/checkLoginUser","POST"],"level":{"level":20000,"levelStr":"INFO","colour":"green"},"context":{},"pid":17796},
{"startTime":"2023-03-14T08:34:06.993Z","categoryName":"服务器访问日志","data":[{},"/checkLoginUser","POST",{"name":"TokenExpiredError","message":"jwt expired","expiredAt":"2023-03-14T08:33:28.000Z"}],"level":{"level":20000,"levelStr":"INFO","colour":"green"},"context":{},"pid":17796,"error":{"name":"TokenExpiredError","message":"jwt expired","expiredAt":"2023-03-14T08:33:28.000Z"}},
{"startTime":"2023-03-14T08:34:19.739Z","categoryName":"服务器访问日志","data":[{},"/checkLoginUser","POST"],"level":{"level":20000,"levelStr":"INFO","colour":"green"},"context":{},"pid":17796},
{"startTime":"2023-03-14T08:34:19.742Z","categoryName":"服务器访问日志","data":[{},"/checkLoginUser","POST",{"name":"TokenExpiredError","message":"jwt expired","expiredAt":"2023-03-14T08:33:28.000Z"}],"level":{"level":20000,"levelStr":"INFO","colour":"green"},"context":{},"pid":17796,"error":{"name":"TokenExpiredError","message":"jwt expired","expiredAt":"2023-03-14T08:33:28.000Z"}},
{"startTime":"2023-03-14T08:34:45.829Z","categoryName":"服务器访问日志","data":[{},"/checkLoginUser","POST"],"level":{"level":20000,"levelStr":"INFO","colour":"green"},"context":{},"pid":4616},
{"startTime":"2023-03-14T08:34:45.834Z","categoryName":"服务器访问日志","data":[{},"/checkLoginUser","POST",{"name":"TokenExpiredError","message":"jwt expired","expiredAt":"2023-03-14T08:33:28.000Z"}],"level":{"level":20000,"levelStr":"INFO","colour":"green"},"context":{},"pid":4616,"error":{"name":"TokenExpiredError","message":"jwt expired","expiredAt":"2023-03-14T08:33:28.000Z"}},
{"startTime":"2023-03-14T08:34:58.106Z","categoryName":"服务器访问日志","data":[{},"/checkLoginUser","POST"],"level":{"level":20000,"levelStr":"INFO","colour":"green"},"context":{},"pid":4616},
{"startTime":"2023-03-14T08:34:58.963Z","categoryName":"服务器访问日志","data":[{},"/allReferee","POST"],"level":{"level":20000,"levelStr":"INFO","colour":"green"},"context":{},"pid":4616},
{"startTime":"2023-03-14T08:35:00.859Z","categoryName":"服务器访问日志","data":[{},"/checkLoginUser","POST"],"level":{"level":20000,"levelStr":"INFO","colour":"green"},"context":{},"pid":4616},
{"startTime":"2023-03-14T08:35:01.564Z","categoryName":"服务器访问日志","data":[{},"/allReferee","POST"],"level":{"level":20000,"levelStr":"INFO","colour":"green"},"context":{},"pid":4616},
{"startTime":"2023-03-14T08:35:07.900Z","categoryName":"服务器访问日志","data":[{},"/checkLoginUser","POST"],"level":{"level":20000,"levelStr":"INFO","colour":"green"},"context":{},"pid":9932},
{"startTime":"2023-03-14T08:35:08.701Z","categoryName":"服务器访问日志","data":[{},"/allReferee","POST"],"level":{"level":20000,"levelStr":"INFO","colour":"green"},"context":{},"pid":9932},
{"startTime":"2023-03-14T08:35:15.642Z","categoryName":"服务器访问日志","data":[{},"/checkLoginUser","POST"],"level":{"level":20000,"levelStr":"INFO","colour":"green"},"context":{},"pid":18568},
{"startTime":"2023-03-14T08:35:17.046Z","categoryName":"服务器访问日志","data":[{},"/allReferee","POST"],"level":{"level":20000,"levelStr":"INFO","colour":"green"},"context":{},"pid":18568},
{"startTime":"2023-03-14T08:35:31.247Z","categoryName":"服务器访问日志","data":[{},"/checkLoginUser","POST"],"level":{"level":20000,"levelStr":"INFO","colour":"green"},"context":{},"pid":18568},
{"startTime":"2023-03-14T08:35:32.046Z","categoryName":"服务器访问日志","data":[{},"/allReferee","POST"],"level":{"level":20000,"levelStr":"INFO","colour":"green"},"context":{},"pid":18568},
{"startTime":"2023-03-14T08:35:35.931Z","categoryName":"服务器访问日志","data":[{},"/checkLoginUser","POST"],"level":{"level":20000,"levelStr":"INFO","colour":"green"},"context":{},"pid":18568},
{"startTime":"2023-03-14T08:35:36.728Z","categoryName":"服务器访问日志","data":[{},"/allReferee","POST"],"level":{"level":20000,"levelStr":"INFO","colour":"green"},"context":{},"pid":18568},
{"startTime":"2023-03-14T08:35:47.506Z","categoryName":"服务器访问日志","data":[{},"/checkLoginUser","POST"],"level":{"level":20000,"levelStr":"INFO","colour":"green"},"context":{},"pid":18364},
{"startTime":"2023-03-14T08:35:47.550Z","categoryName":"服务器访问日志","data":[{},"/allReferee","POST"],"level":{"level":20000,"levelStr":"INFO","colour":"green"},"context":{},"pid":18364},
{"startTime":"2023-03-14T08:36:47.813Z","categoryName":"服务器访问日志","data":[{},"/checkLoginUser","POST"],"level":{"level":20000,"levelStr":"INFO","colour":"green"},"context":{},"pid":6528},
{"startTime":"2023-03-14T08:36:47.853Z","categoryName":"服务器访问日志","data":[{},"/allReferee","POST"],"level":{"level":20000,"levelStr":"INFO","colour":"green"},"context":{},"pid":6528},
{"startTime":"2023-03-14T08:37:54.321Z","categoryName":"服务器访问日志","data":[{},"/checkLoginUser","POST"],"level":{"level":20000,"levelStr":"INFO","colour":"green"},"context":{},"pid":11060},
{"startTime":"2023-03-14T08:37:54.366Z","categoryName":"服务器访问日志","data":[{},"/allReferee","POST"],"level":{"level":20000,"levelStr":"INFO","colour":"green"},"context":{},"pid":11060},
{"startTime":"2023-03-14T08:38:11.186Z","categoryName":"服务器访问日志","data":[{},"/checkLoginUser","POST"],"level":{"level":20000,"levelStr":"INFO","colour":"green"},"context":{},"pid":11060},
{"startTime":"2023-03-14T08:38:11.236Z","categoryName":"服务器访问日志","data":[{},"/allReferee","POST"],"level":{"level":20000,"levelStr":"INFO","colour":"green"},"context":{},"pid":11060},
{"startTime":"2023-03-14T08:38:13.379Z","categoryName":"服务器访问日志","data":[{},"/checkLoginUser","POST"],"level":{"level":20000,"levelStr":"INFO","colour":"green"},"context":{},"pid":11060},
{"startTime":"2023-03-14T08:38:13.401Z","categoryName":"服务器访问日志","data":[{},"/allReferee","POST"],"level":{"level":20000,"levelStr":"INFO","colour":"green"},"context":{},"pid":11060},
{"startTime":"2023-03-14T08:39:14.861Z","categoryName":"服务器访问日志","data":[{},"/checkLoginUser","POST"],"level":{"level":20000,"levelStr":"INFO","colour":"green"},"context":{},"pid":9880},
{"startTime":"2023-03-14T08:39:14.914Z","categoryName":"服务器访问日志","data":[{},"/allReferee","POST"],"level":{"level":20000,"levelStr":"INFO","colour":"green"},"context":{},"pid":9880},
{"startTime":"2023-03-14T08:40:11.951Z","categoryName":"服务器访问日志","data":[{},"/checkLoginUser","POST"],"level":{"level":20000,"levelStr":"INFO","colour":"green"},"context":{},"pid":19088},
{"startTime":"2023-03-14T08:40:12.070Z","categoryName":"服务器访问日志","data":[{},"/allReferee","POST"],"level":{"level":20000,"levelStr":"INFO","colour":"green"},"context":{},"pid":19088},
{"startTime":"2023-03-14T08:40:45.530Z","categoryName":"服务器访问日志","data":[{},"/checkLoginUser","POST"],"level":{"level":20000,"levelStr":"INFO","colour":"green"},"context":{},"pid":24068},
{"startTime":"2023-03-14T08:40:45.571Z","categoryName":"服务器访问日志","data":[{},"/allReferee","POST"],"level":{"level":20000,"levelStr":"INFO","colour":"green"},"context":{},"pid":24068},
{"startTime":"2023-03-14T08:41:26.510Z","categoryName":"服务器访问日志","data":[{},"/checkLoginUser","POST"],"level":{"level":20000,"levelStr":"INFO","colour":"green"},"context":{},"pid":24068},
{"startTime":"2023-03-14T08:41:26.549Z","categoryName":"服务器访问日志","data":[{},"/allReferee","POST"],"level":{"level":20000,"levelStr":"INFO","colour":"green"},"context":{},"pid":24068},
{"startTime":"2023-03-16T12:39:38.546Z","categoryName":"服务器访问日志","data":[{},"/checkLoginUser","POST"],"level":{"level":20000,"levelStr":"INFO","colour":"green"},"context":{},"pid":10884},
{"startTime":"2023-03-16T12:39:38.553Z","categoryName":"服务器访问日志","data":[{},"/checkLoginUser","POST",{"name":"TokenExpiredError","message":"jwt expired","expiredAt":"2023-03-15T19:32:19.000Z"}],"level":{"level":20000,"levelStr":"INFO","colour":"green"},"context":{},"pid":10884,"error":{"name":"TokenExpiredError","message":"jwt expired","expiredAt":"2023-03-15T19:32:19.000Z"}},
{"startTime":"2023-03-16T12:39:49.737Z","categoryName":"服务器访问日志","data":[{},"/checkLoginUser","POST"],"level":{"level":20000,"levelStr":"INFO","colour":"green"},"context":{},"pid":10884},
{"startTime":"2023-03-16T12:39:50.091Z","categoryName":"服务器访问日志","data":[{},"/allReferee","POST"],"level":{"level":20000,"levelStr":"INFO","colour":"green"},"context":{},"pid":10884},
{"startTime":"2023-03-16T12:40:55.253Z","categoryName":"服务器访问日志","data":[{},"/checkLoginUser","POST"],"level":{"level":20000,"levelStr":"INFO","colour":"green"},"context":{},"pid":10884},
{"startTime":"2023-03-16T12:40:56.305Z","categoryName":"服务器访问日志","data":[{},"/allReferee","POST"],"level":{"level":20000,"levelStr":"INFO","colour":"green"},"context":{},"pid":10884},
{"startTime":"2023-03-16T12:41:07.351Z","categoryName":"服务器访问日志","data":[{},"/checkLoginUser","POST"],"level":{"level":20000,"levelStr":"INFO","colour":"green"},"context":{},"pid":10884},
{"startTime":"2023-03-16T12:41:07.546Z","categoryName":"服务器访问日志","data":[{},"/allReferee","POST"],"level":{"level":20000,"levelStr":"INFO","colour":"green"},"context":{},"pid":10884},
{"startTime":"2023-03-16T12:41:19.392Z","categoryName":"服务器访问日志","data":[{},"/checkLoginUser","POST"],"level":{"level":20000,"levelStr":"INFO","colour":"green"},"context":{},"pid":10884},
{"startTime":"2023-03-16T12:41:19.740Z","categoryName":"服务器访问日志","data":[{},"/allReferee","POST"],"level":{"level":20000,"levelStr":"INFO","colour":"green"},"context":{},"pid":10884},
{"startTime":"2023-03-16T12:41:26.322Z","categoryName":"服务器访问日志","data":[{},"/checkLoginUser","POST"],"level":{"level":20000,"levelStr":"INFO","colour":"green"},"context":{},"pid":10884},
{"startTime":"2023-03-16T12:41:26.525Z","categoryName":"服务器访问日志","data":[{},"/allReferee","POST"],"level":{"level":20000,"levelStr":"INFO","colour":"green"},"context":{},"pid":10884},
{"startTime":"2023-03-16T12:41:36.880Z","categoryName":"服务器访问日志","data":[{},"/checkLoginUser","POST"],"level":{"level":20000,"levelStr":"INFO","colour":"green"},"context":{},"pid":10884},
{"startTime":"2023-03-16T12:41:37.674Z","categoryName":"服务器访问日志","data":[{},"/allReferee","POST"],"level":{"level":20000,"levelStr":"INFO","colour":"green"},"context":{},"pid":10884},
{"startTime":"2023-03-16T12:41:37.745Z","categoryName":"服务器访问日志","data":[{},"/checkLoginUser","POST"],"level":{"level":20000,"levelStr":"INFO","colour":"green"},"context":{},"pid":10884},
{"startTime":"2023-03-16T12:41:38.071Z","categoryName":"服务器访问日志","data":[{},"/allReferee","POST"],"level":{"level":20000,"levelStr":"INFO","colour":"green"},"context":{},"pid":10884},
{"startTime":"2023-03-16T12:41:52.895Z","categoryName":"服务器访问日志","data":[{},"/checkLoginUser","POST"],"level":{"level":20000,"levelStr":"INFO","colour":"green"},"context":{},"pid":10884},
{"startTime":"2023-03-16T12:41:53.594Z","categoryName":"服务器访问日志","data":[{},"/allReferee","POST"],"level":{"level":20000,"levelStr":"INFO","colour":"green"},"context":{},"pid":10884},
{"startTime":"2023-03-16T12:42:09.309Z","categoryName":"服务器访问日志","data":[{},"/checkLoginUser","POST"],"level":{"level":20000,"levelStr":"INFO","colour":"green"},"context":{},"pid":10884},
{"startTime":"2023-03-16T12:42:09.502Z","categoryName":"服务器访问日志","data":[{},"/allReferee","POST"],"level":{"level":20000,"levelStr":"INFO","colour":"green"},"context":{},"pid":10884},
{"startTime":"2023-03-16T12:42:24.521Z","categoryName":"服务器访问日志","data":[{},"/checkLoginUser","POST"],"level":{"level":20000,"levelStr":"INFO","colour":"green"},"context":{},"pid":10884},
{"startTime":"2023-03-16T12:42:24.760Z","categoryName":"服务器访问日志","data":[{},"/allReferee","POST"],"level":{"level":20000,"levelStr":"INFO","colour":"green"},"context":{},"pid":10884},
{"startTime":"2023-03-16T12:42:33.725Z","categoryName":"服务器访问日志","data":[{},"/checkLoginUser","POST"],"level":{"level":20000,"levelStr":"INFO","colour":"green"},"context":{},"pid":10884},
{"startTime":"2023-03-16T12:42:33.909Z","categoryName":"服务器访问日志","data":[{},"/allReferee","POST"],"level":{"level":20000,"levelStr":"INFO","colour":"green"},"context":{},"pid":10884},
{"startTime":"2023-03-16T12:42:54.341Z","categoryName":"服务器访问日志","data":[{},"/checkLoginUser","POST"],"level":{"level":20000,"levelStr":"INFO","colour":"green"},"context":{},"pid":10884},
{"startTime":"2023-03-16T12:42:54.549Z","categoryName":"服务器访问日志","data":[{},"/allReferee","POST"],"level":{"level":20000,"levelStr":"INFO","colour":"green"},"context":{},"pid":10884},
{"startTime":"2023-03-16T12:43:24.867Z","categoryName":"服务器访问日志","data":[{},"/checkLoginUser","POST"],"level":{"level":20000,"levelStr":"INFO","colour":"green"},"context":{},"pid":10884},
{"startTime":"2023-03-16T12:43:25.261Z","categoryName":"服务器访问日志","data":[{},"/allReferee","POST"],"level":{"level":20000,"levelStr":"INFO","colour":"green"},"context":{},"pid":10884},
{"startTime":"2023-03-16T12:43:26.970Z","categoryName":"服务器访问日志","data":[{},"/checkLoginUser","POST"],"level":{"level":20000,"levelStr":"INFO","colour":"green"},"context":{},"pid":10884},
{"startTime":"2023-03-16T12:43:27.156Z","categoryName":"服务器访问日志","data":[{},"/allReferee","POST"],"level":{"level":20000,"levelStr":"INFO","colour":"green"},"context":{},"pid":10884},
{"startTime":"2023-03-16T12:43:41.844Z","categoryName":"服务器访问日志","data":[{},"/checkLoginUser","POST"],"level":{"level":20000,"levelStr":"INFO","colour":"green"},"context":{},"pid":10884},
{"startTime":"2023-03-16T12:43:42.043Z","categoryName":"服务器访问日志","data":[{},"/allReferee","POST"],"level":{"level":20000,"levelStr":"INFO","colour":"green"},"context":{},"pid":10884},
{"startTime":"2023-03-16T12:44:55.123Z","categoryName":"服务器访问日志","data":[{},"/checkLoginUser","POST"],"level":{"level":20000,"levelStr":"INFO","colour":"green"},"context":{},"pid":10884},
{"startTime":"2023-03-16T12:44:55.656Z","categoryName":"服务器访问日志","data":[{},"/allReferee","POST"],"level":{"level":20000,"levelStr":"INFO","colour":"green"},"context":{},"pid":10884},
{"startTime":"2023-03-16T12:44:56.518Z","categoryName":"服务器访问日志","data":[{},"/checkLoginUser","POST"],"level":{"level":20000,"levelStr":"INFO","colour":"green"},"context":{},"pid":10884},
{"startTime":"2023-03-16T12:44:56.710Z","categoryName":"服务器访问日志","data":[{},"/allReferee","POST"],"level":{"level":20000,"levelStr":"INFO","colour":"green"},"context":{},"pid":10884},
{"startTime":"2023-03-16T12:46:22.315Z","categoryName":"服务器访问日志","data":[{},"/checkLoginUser","POST"],"level":{"level":20000,"levelStr":"INFO","colour":"green"},"context":{},"pid":10884},
{"startTime":"2023-03-16T12:46:22.801Z","categoryName":"服务器访问日志","data":[{},"/allReferee","POST"],"level":{"level":20000,"levelStr":"INFO","colour":"green"},"context":{},"pid":10884},
{"startTime":"2023-03-16T12:46:31.426Z","categoryName":"服务器访问日志","data":[{},"/checkLoginUser","POST"],"level":{"level":20000,"levelStr":"INFO","colour":"green"},"context":{},"pid":10884},
{"startTime":"2023-03-16T12:46:31.910Z","categoryName":"服务器访问日志","data":[{},"/allReferee","POST"],"level":{"level":20000,"levelStr":"INFO","colour":"green"},"context":{},"pid":10884},
{"startTime":"2023-03-16T12:46:45.485Z","categoryName":"服务器访问日志","data":[{},"/checkLoginUser","POST"],"level":{"level":20000,"levelStr":"INFO","colour":"green"},"context":{},"pid":10884},
{"startTime":"2023-03-16T12:46:46.004Z","categoryName":"服务器访问日志","data":[{},"/allReferee","POST"],"level":{"level":20000,"levelStr":"INFO","colour":"green"},"context":{},"pid":10884},
{"startTime":"2023-03-16T12:46:48.070Z","categoryName":"服务器访问日志","data":[{},"/checkLoginUser","POST"],"level":{"level":20000,"levelStr":"INFO","colour":"green"},"context":{},"pid":10884},
{"startTime":"2023-03-16T12:46:48.566Z","categoryName":"服务器访问日志","data":[{},"/allReferee","POST"],"level":{"level":20000,"levelStr":"INFO","colour":"green"},"context":{},"pid":10884},
{"startTime":"2023-03-16T12:50:06.506Z","categoryName":"服务器访问日志","data":[{},"/checkLoginUser","POST"],"level":{"level":20000,"levelStr":"INFO","colour":"green"},"context":{},"pid":10884},
{"startTime":"2023-03-16T12:50:07.006Z","categoryName":"服务器访问日志","data":[{},"/allReferee","POST"],"level":{"level":20000,"levelStr":"INFO","colour":"green"},"context":{},"pid":10884},
{"startTime":"2023-03-16T12:50:09.410Z","categoryName":"服务器访问日志","data":[{},"/checkLoginUser","POST"],"level":{"level":20000,"levelStr":"INFO","colour":"green"},"context":{},"pid":10884},
{"startTime":"2023-03-16T12:50:09.916Z","categoryName":"服务器访问日志","data":[{},"/allReferee","POST"],"level":{"level":20000,"levelStr":"INFO","colour":"green"},"context":{},"pid":10884},
{"startTime":"2023-03-16T12:50:21.601Z","categoryName":"服务器访问日志","data":[{},"/checkLoginUser","POST"],"level":{"level":20000,"levelStr":"INFO","colour":"green"},"context":{},"pid":10884},
{"startTime":"2023-03-16T12:50:21.793Z","categoryName":"服务器访问日志","data":[{},"/allReferee","POST"],"level":{"level":20000,"levelStr":"INFO","colour":"green"},"context":{},"pid":10884},
{"startTime":"2023-03-16T12:50:41.016Z","categoryName":"服务器访问日志","data":[{},"/checkLoginUser","POST"],"level":{"level":20000,"levelStr":"INFO","colour":"green"},"context":{},"pid":10884},
{"startTime":"2023-03-16T12:50:41.212Z","categoryName":"服务器访问日志","data":[{},"/allReferee","POST"],"level":{"level":20000,"levelStr":"INFO","colour":"green"},"context":{},"pid":10884},
{"startTime":"2023-03-16T12:51:23.475Z","categoryName":"服务器访问日志","data":[{},"/checkLoginUser","POST"],"level":{"level":20000,"levelStr":"INFO","colour":"green"},"context":{},"pid":10884},
{"startTime":"2023-03-16T12:51:23.678Z","categoryName":"服务器访问日志","data":[{},"/allReferee","POST"],"level":{"level":20000,"levelStr":"INFO","colour":"green"},"context":{},"pid":10884},
{"startTime":"2023-03-16T12:51:47.317Z","categoryName":"服务器访问日志","data":[{},"/checkLoginUser","POST"],"level":{"level":20000,"levelStr":"INFO","colour":"green"},"context":{},"pid":10884},
{"startTime":"2023-03-16T12:51:47.517Z","categoryName":"服务器访问日志","data":[{},"/allReferee","POST"],"level":{"level":20000,"levelStr":"INFO","colour":"green"},"context":{},"pid":10884},
{"startTime":"2023-03-16T12:52:12.524Z","categoryName":"服务器访问日志","data":[{},"/checkLoginUser","POST"],"level":{"level":20000,"levelStr":"INFO","colour":"green"},"context":{},"pid":10884},
{"startTime":"2023-03-16T12:52:12.703Z","categoryName":"服务器访问日志","data":[{},"/allReferee","POST"],"level":{"level":20000,"levelStr":"INFO","colour":"green"},"context":{},"pid":10884},
{"startTime":"2023-03-16T12:52:37.797Z","categoryName":"服务器访问日志","data":[{},"/checkLoginUser","POST"],"level":{"level":20000,"levelStr":"INFO","colour":"green"},"context":{},"pid":10884},
{"startTime":"2023-03-16T12:52:37.972Z","categoryName":"服务器访问日志","data":[{},"/allReferee","POST"],"level":{"level":20000,"levelStr":"INFO","colour":"green"},"context":{},"pid":10884},
{"startTime":"2023-03-16T12:52:45.881Z","categoryName":"服务器访问日志","data":[{},"/checkLoginUser","POST"],"level":{"level":20000,"levelStr":"INFO","colour":"green"},"context":{},"pid":10884},
{"startTime":"2023-03-16T12:52:46.071Z","categoryName":"服务器访问日志","data":[{},"/allReferee","POST"],"level":{"level":20000,"levelStr":"INFO","colour":"green"},"context":{},"pid":10884},
{"startTime":"2023-03-16T12:53:14.681Z","categoryName":"服务器访问日志","data":[{},"/checkLoginUser","POST"],"level":{"level":20000,"levelStr":"INFO","colour":"green"},"context":{},"pid":10884},
{"startTime":"2023-03-16T12:53:14.716Z","categoryName":"服务器访问日志","data":[{},"/allReferee","POST"],"level":{"level":20000,"levelStr":"INFO","colour":"green"},"context":{},"pid":10884},
{"startTime":"2023-03-16T12:53:19.101Z","categoryName":"服务器访问日志","data":[{},"/checkLoginUser","POST"],"level":{"level":20000,"levelStr":"INFO","colour":"green"},"context":{},"pid":10884},
{"startTime":"2023-03-16T12:53:19.294Z","categoryName":"服务器访问日志","data":[{},"/allReferee","POST"],"level":{"level":20000,"levelStr":"INFO","colour":"green"},"context":{},"pid":10884},
{"startTime":"2023-03-16T12:53:33.619Z","categoryName":"服务器访问日志","data":[{},"/checkLoginUser","POST"],"level":{"level":20000,"levelStr":"INFO","colour":"green"},"context":{},"pid":10884},
{"startTime":"2023-03-16T12:53:33.657Z","categoryName":"服务器访问日志","data":[{},"/allReferee","POST"],"level":{"level":20000,"levelStr":"INFO","colour":"green"},"context":{},"pid":10884},
{"startTime":"2023-03-16T12:54:09.720Z","categoryName":"服务器访问日志","data":[{},"/checkLoginUser","POST"],"level":{"level":20000,"levelStr":"INFO","colour":"green"},"context":{},"pid":10884},
{"startTime":"2023-03-16T12:54:10.068Z","categoryName":"服务器访问日志","data":[{},"/allReferee","POST"],"level":{"level":20000,"levelStr":"INFO","colour":"green"},"context":{},"pid":10884},
{"startTime":"2023-03-16T12:54:13.273Z","categoryName":"服务器访问日志","data":[{},"/checkLoginUser","POST"],"level":{"level":20000,"levelStr":"INFO","colour":"green"},"context":{},"pid":10884},
{"startTime":"2023-03-16T12:54:13.470Z","categoryName":"服务器访问日志","data":[{},"/allReferee","POST"],"level":{"level":20000,"levelStr":"INFO","colour":"green"},"context":{},"pid":10884},
{"startTime":"2023-03-16T12:54:43.006Z","categoryName":"服务器访问日志","data":[{},"/checkLoginUser","POST"],"level":{"level":20000,"levelStr":"INFO","colour":"green"},"context":{},"pid":10884},
{"startTime":"2023-03-16T12:54:43.214Z","categoryName":"服务器访问日志","data":[{},"/allReferee","POST"],"level":{"level":20000,"levelStr":"INFO","colour":"green"},"context":{},"pid":10884},
{"startTime":"2023-03-16T12:54:55.618Z","categoryName":"服务器访问日志","data":[{},"/checkLoginUser","POST"],"level":{"level":20000,"levelStr":"INFO","colour":"green"},"context":{},"pid":10884},
{"startTime":"2023-03-16T12:54:55.807Z","categoryName":"服务器访问日志","data":[{},"/allReferee","POST"],"level":{"level":20000,"levelStr":"INFO","colour":"green"},"context":{},"pid":10884},
{"startTime":"2023-03-16T12:57:48.985Z","categoryName":"服务器访问日志","data":[{},"/checkLoginUser","POST"],"level":{"level":20000,"levelStr":"INFO","colour":"green"},"context":{},"pid":10884},
{"startTime":"2023-03-16T12:57:49.180Z","categoryName":"服务器访问日志","data":[{},"/allReferee","POST"],"level":{"level":20000,"levelStr":"INFO","colour":"green"},"context":{},"pid":10884},
{"startTime":"2023-03-16T12:57:50.445Z","categoryName":"服务器访问日志","data":[{},"/searchReferee","POST"],"level":{"level":20000,"levelStr":"INFO","colour":"green"},"context":{},"pid":10884},
{"startTime":"2023-03-16T12:57:53.113Z","categoryName":"服务器访问日志","data":[{},"/checkLoginUser","POST"],"level":{"level":20000,"levelStr":"INFO","colour":"green"},"context":{},"pid":10884},
{"startTime":"2023-03-16T12:57:53.446Z","categoryName":"服务器访问日志","data":[{},"/allReferee","POST"],"level":{"level":20000,"levelStr":"INFO","colour":"green"},"context":{},"pid":10884},
{"startTime":"2023-03-16T12:57:54.102Z","categoryName":"服务器访问日志","data":[{},"/searchReferee","POST"],"level":{"level":20000,"levelStr":"INFO","colour":"green"},"context":{},"pid":10884},
{"startTime":"2023-03-16T12:58:02.534Z","categoryName":"服务器访问日志","data":[{},"/checkLoginUser","POST"],"level":{"level":20000,"levelStr":"INFO","colour":"green"},"context":{},"pid":10884},
{"startTime":"2023-03-16T12:58:02.862Z","categoryName":"服务器访问日志","data":[{},"/allReferee","POST"],"level":{"level":20000,"levelStr":"INFO","colour":"green"},"context":{},"pid":10884},
{"startTime":"2023-03-16T15:18:14.286Z","categoryName":"服务器访问日志","data":[{},"/searchReferee","POST"],"level":{"level":20000,"levelStr":"INFO","colour":"green"},"context":{},"pid":10884},
{"startTime":"2023-03-16T15:19:57.575Z","categoryName":"服务器访问日志","data":[{},"/searchReferee","POST"],"level":{"level":20000,"levelStr":"INFO","colour":"green"},"context":{},"pid":10884},
{"startTime":"2023-03-16T15:20:03.327Z","categoryName":"服务器访问日志","data":[{},"/searchReferee","POST"],"level":{"level":20000,"levelStr":"INFO","colour":"green"},"context":{},"pid":10884},
{"startTime":"2023-03-16T15:20:22.459Z","categoryName":"服务器访问日志","data":[{},"/searchReferee","POST"],"level":{"level":20000,"levelStr":"INFO","colour":"green"},"context":{},"pid":10884},
{"startTime":"2023-03-16T15:21:01.075Z","categoryName":"服务器访问日志","data":[{},"/searchReferee","POST"],"level":{"level":20000,"levelStr":"INFO","colour":"green"},"context":{},"pid":10884},
{"startTime":"2023-03-16T15:23:45.834Z","categoryName":"服务器访问日志","data":[{},"/searchReferee","POST"],"level":{"level":20000,"levelStr":"INFO","colour":"green"},"context":{},"pid":10884},
{"startTime":"2023-03-16T15:23:48.231Z","categoryName":"服务器访问日志","data":[{},"/searchReferee","POST"],"level":{"level":20000,"levelStr":"INFO","colour":"green"},"context":{},"pid":10884},
{"startTime":"2023-03-16T15:26:51.322Z","categoryName":"服务器访问日志","data":[{},"/addReferee","POST"],"level":{"level":20000,"levelStr":"INFO","colour":"green"},"context":{},"pid":10884},
{"startTime":"2023-03-16T15:26:58.044Z","categoryName":"服务器访问日志","data":[{},"/searchReferee","POST"],"level":{"level":20000,"levelStr":"INFO","colour":"green"},"context":{},"pid":10884},
{"startTime":"2023-03-16T15:27:00.807Z","categoryName":"服务器访问日志","data":[{},"/searchReferee","POST"],"level":{"level":20000,"levelStr":"INFO","colour":"green"},"context":{},"pid":10884},
{"startTime":"2023-03-16T15:28:30.022Z","categoryName":"服务器访问日志","data":[{},"/searchReferee","POST"],"level":{"level":20000,"levelStr":"INFO","colour":"green"},"context":{},"pid":12436},
{"startTime":"2023-03-16T15:29:44.499Z","categoryName":"服务器访问日志","data":[{},"/searchReferee","POST"],"level":{"level":20000,"levelStr":"INFO","colour":"green"},"context":{},"pid":13224},
{"startTime":"2023-03-16T15:29:53.835Z","categoryName":"服务器访问日志","data":[{},"/searchReferee","POST"],"level":{"level":20000,"levelStr":"INFO","colour":"green"},"context":{},"pid":13224},
{"startTime":"2023-03-16T15:30:21.842Z","categoryName":"服务器访问日志","data":[{},"/searchReferee","POST"],"level":{"level":20000,"levelStr":"INFO","colour":"green"},"context":{},"pid":13224},
{"startTime":"2023-03-16T15:30:31.376Z","categoryName":"服务器访问日志","data":[{},"/searchReferee","POST"],"level":{"level":20000,"levelStr":"INFO","colour":"green"},"context":{},"pid":13224},
{"startTime":"2023-03-16T15:30:58.263Z","categoryName":"服务器访问日志","data":[{},"/searchReferee","POST"],"level":{"level":20000,"levelStr":"INFO","colour":"green"},"context":{},"pid":14620},
{"startTime":"2023-03-16T15:31:30.969Z","categoryName":"服务器访问日志","data":[{},"/searchReferee","POST"],"level":{"level":20000,"levelStr":"INFO","colour":"green"},"context":{},"pid":14620},
{"startTime":"2023-03-16T15:32:35.882Z","categoryName":"服务器访问日志","data":[{},"/checkLoginUser","POST"],"level":{"level":20000,"levelStr":"INFO","colour":"green"},"context":{},"pid":14620},
{"startTime":"2023-03-16T15:32:36.219Z","categoryName":"服务器访问日志","data":[{},"/allReferee","POST"],"level":{"level":20000,"levelStr":"INFO","colour":"green"},"context":{},"pid":14620},
{"startTime":"2023-03-16T15:34:49.640Z","categoryName":"服务器访问日志","data":[{},"/checkLoginUser","POST"],"level":{"level":20000,"levelStr":"INFO","colour":"green"},"context":{},"pid":14620},
{"startTime":"2023-03-16T15:34:49.972Z","categoryName":"服务器访问日志","data":[{},"/allReferee","POST"],"level":{"level":20000,"levelStr":"INFO","colour":"green"},"context":{},"pid":14620},
{"startTime":"2023-03-16T15:35:13.390Z","categoryName":"服务器访问日志","data":[{},"/checkLoginUser","POST"],"level":{"level":20000,"levelStr":"INFO","colour":"green"},"context":{},"pid":14620},
{"startTime":"2023-03-16T15:35:13.608Z","categoryName":"服务器访问日志","data":[{},"/allReferee","POST"],"level":{"level":20000,"levelStr":"INFO","colour":"green"},"context":{},"pid":14620},
{"startTime":"2023-03-16T15:36:06.822Z","categoryName":"服务器访问日志","data":[{},"/checkLoginUser","POST"],"level":{"level":20000,"levelStr":"INFO","colour":"green"},"context":{},"pid":14620},
{"startTime":"2023-03-16T15:36:07.796Z","categoryName":"服务器访问日志","data":[{},"/allReferee","POST"],"level":{"level":20000,"levelStr":"INFO","colour":"green"},"context":{},"pid":14620},
{"startTime":"2023-03-16T15:36:20.060Z","categoryName":"服务器访问日志","data":[{},"/checkLoginUser","POST"],"level":{"level":20000,"levelStr":"INFO","colour":"green"},"context":{},"pid":14620},
{"startTime":"2023-03-16T15:36:20.604Z","categoryName":"服务器访问日志","data":[{},"/allReferee","POST"],"level":{"level":20000,"levelStr":"INFO","colour":"green"},"context":{},"pid":14620},
{"startTime":"2023-03-16T15:36:28.686Z","categoryName":"服务器访问日志","data":[{},"/checkLoginUser","POST"],"level":{"level":20000,"levelStr":"INFO","colour":"green"},"context":{},"pid":14620},
{"startTime":"2023-03-16T15:36:29.028Z","categoryName":"服务器访问日志","data":[{},"/allReferee","POST"],"level":{"level":20000,"levelStr":"INFO","colour":"green"},"context":{},"pid":14620},
{"startTime":"2023-03-16T15:36:30.991Z","categoryName":"服务器访问日志","data":[{},"/checkLoginUser","POST"],"level":{"level":20000,"levelStr":"INFO","colour":"green"},"context":{},"pid":14620},
{"startTime":"2023-03-16T15:36:31.229Z","categoryName":"服务器访问日志","data":[{},"/allReferee","POST"],"level":{"level":20000,"levelStr":"INFO","colour":"green"},"context":{},"pid":14620},
{"startTime":"2023-03-16T15:36:41.146Z","categoryName":"服务器访问日志","data":[{},"/checkLoginUser","POST"],"level":{"level":20000,"levelStr":"INFO","colour":"green"},"context":{},"pid":14620},
{"startTime":"2023-03-16T15:36:41.194Z","categoryName":"服务器访问日志","data":[{},"/allReferee","POST"],"level":{"level":20000,"levelStr":"INFO","colour":"green"},"context":{},"pid":14620},
{"startTime":"2023-03-16T15:36:53.754Z","categoryName":"服务器访问日志","data":[{},"/checkLoginUser","POST"],"level":{"level":20000,"levelStr":"INFO","colour":"green"},"context":{},"pid":14620},
{"startTime":"2023-03-16T15:36:54.112Z","categoryName":"服务器访问日志","data":[{},"/allReferee","POST"],"level":{"level":20000,"levelStr":"INFO","colour":"green"},"context":{},"pid":14620},
{"startTime":"2023-03-16T15:37:00.662Z","categoryName":"服务器访问日志","data":[{},"/checkLoginUser","POST"],"level":{"level":20000,"levelStr":"INFO","colour":"green"},"context":{},"pid":14620},
{"startTime":"2023-03-16T15:37:00.994Z","categoryName":"服务器访问日志","data":[{},"/allReferee","POST"],"level":{"level":20000,"levelStr":"INFO","colour":"green"},"context":{},"pid":14620},
{"startTime":"2023-03-16T15:37:02.197Z","categoryName":"服务器访问日志","data":[{},"/checkLoginUser","POST"],"level":{"level":20000,"levelStr":"INFO","colour":"green"},"context":{},"pid":14620},
{"startTime":"2023-03-16T15:37:02.197Z","categoryName":"服务器访问日志","data":[{},"/checkLoginUser","POST",{"name":"JsonWebTokenError","message":"jwt malformed"}],"level":{"level":20000,"levelStr":"INFO","colour":"green"},"context":{},"pid":14620,"error":{"name":"JsonWebTokenError","message":"jwt malformed"}},
{"startTime":"2023-03-16T15:37:04.975Z","categoryName":"服务器访问日志","data":[{},"/checkLoginUser","POST"],"level":{"level":20000,"levelStr":"INFO","colour":"green"},"context":{},"pid":14620},
{"startTime":"2023-03-16T15:37:04.976Z","categoryName":"服务器访问日志","data":[{},"/checkLoginUser","POST",{"name":"JsonWebTokenError","message":"jwt malformed"}],"level":{"level":20000,"levelStr":"INFO","colour":"green"},"context":{},"pid":14620,"error":{"name":"JsonWebTokenError","message":"jwt malformed"}},
{"startTime":"2023-03-16T15:37:09.230Z","categoryName":"服务器访问日志","data":[{},"/checkLoginUser","POST"],"level":{"level":20000,"levelStr":"INFO","colour":"green"},"context":{},"pid":14620},
{"startTime":"2023-03-16T15:37:09.231Z","categoryName":"服务器访问日志","data":[{},"/checkLoginUser","POST",{"name":"JsonWebTokenError","message":"jwt malformed"}],"level":{"level":20000,"levelStr":"INFO","colour":"green"},"context":{},"pid":14620,"error":{"name":"JsonWebTokenError","message":"jwt malformed"}},
